[2025-04-22T10:26:03.491+0000] {taskinstance.py:1159} INFO - Dependencies all met for dep_context=non-requeueable deps ti=<TaskInstance: readsb_hist_dag.prepare_and_upload_readsb_hist scheduled__2024-10-01T00:00:00+00:00 [queued]>
[2025-04-22T10:26:03.499+0000] {taskinstance.py:1159} INFO - Dependencies all met for dep_context=requeueable deps ti=<TaskInstance: readsb_hist_dag.prepare_and_upload_readsb_hist scheduled__2024-10-01T00:00:00+00:00 [queued]>
[2025-04-22T10:26:03.499+0000] {taskinstance.py:1361} INFO - Starting attempt 1 of 2
[2025-04-22T10:26:03.506+0000] {taskinstance.py:1382} INFO - Executing <Task(PythonOperator): prepare_and_upload_readsb_hist> on 2024-10-01 00:00:00+00:00
[2025-04-22T10:26:03.509+0000] {standard_task_runner.py:57} INFO - Started process 1201 to run task
[2025-04-22T10:26:03.512+0000] {standard_task_runner.py:84} INFO - Running: ['airflow', 'tasks', 'run', 'readsb_hist_dag', 'prepare_and_upload_readsb_hist', 'scheduled__2024-10-01T00:00:00+00:00', '--job-id', '210', '--raw', '--subdir', 'DAGS_FOLDER/readsb_hist_dag.py', '--cfg-path', '/tmp/tmptya_axt5']
[2025-04-22T10:26:03.513+0000] {standard_task_runner.py:85} INFO - Job 210: Subtask prepare_and_upload_readsb_hist
[2025-04-22T10:26:03.583+0000] {task_command.py:416} INFO - Running <TaskInstance: readsb_hist_dag.prepare_and_upload_readsb_hist scheduled__2024-10-01T00:00:00+00:00 [running]> on host 4d88e7682171
[2025-04-22T10:26:03.678+0000] {taskinstance.py:1662} INFO - Exporting env vars: AIRFLOW_CTX_DAG_OWNER='airflow' AIRFLOW_CTX_DAG_ID='readsb_hist_dag' AIRFLOW_CTX_TASK_ID='prepare_and_upload_readsb_hist' AIRFLOW_CTX_EXECUTION_DATE='2024-10-01T00:00:00+00:00' AIRFLOW_CTX_TRY_NUMBER='1' AIRFLOW_CTX_DAG_RUN_ID='scheduled__2024-10-01T00:00:00+00:00'
[2025-04-22T10:26:03.691+0000] {credentials.py:1124} INFO - Found credentials in environment variables.
[2025-04-22T10:26:04.373+0000] {logging_mixin.py:154} INFO - [PROCESS] Reading raw/day=20241001/000000Z.json.gz
[2025-04-22T10:26:13.680+0000] {logging_mixin.py:154} INFO - [ERROR] Failed to parse raw/day=20241001/000000Z.json.gz: Not a gzipped file (b'{ ')
[2025-04-22T10:26:13.684+0000] {logging_mixin.py:154} INFO - [PROCESS] Reading raw/day=20241001/000005Z.json.gz
[2025-04-22T10:26:18.033+0000] {logging_mixin.py:154} INFO - [ERROR] Failed to parse raw/day=20241001/000005Z.json.gz: Not a gzipped file (b'{ ')
[2025-04-22T10:26:18.034+0000] {logging_mixin.py:154} INFO - [PROCESS] Reading raw/day=20241001/000010Z.json.gz
[2025-04-22T10:26:20.700+0000] {logging_mixin.py:154} INFO - [ERROR] Failed to parse raw/day=20241001/000010Z.json.gz: Not a gzipped file (b'{ ')
[2025-04-22T10:26:20.701+0000] {logging_mixin.py:154} INFO - [PROCESS] Reading raw/day=20241001/000015Z.json.gz
[2025-04-22T10:26:24.984+0000] {logging_mixin.py:154} INFO - [ERROR] Failed to parse raw/day=20241001/000015Z.json.gz: Not a gzipped file (b'{ ')
[2025-04-22T10:26:24.986+0000] {logging_mixin.py:154} INFO - [PROCESS] Reading raw/day=20241001/000020Z.json.gz
[2025-04-22T10:26:28.156+0000] {logging_mixin.py:154} INFO - [ERROR] Failed to parse raw/day=20241001/000020Z.json.gz: Not a gzipped file (b'{ ')
[2025-04-22T10:26:28.157+0000] {logging_mixin.py:154} INFO - [PROCESS] Reading raw/day=20241001/000025Z.json.gz
[2025-04-22T10:26:35.158+0000] {logging_mixin.py:154} INFO - [ERROR] Failed to parse raw/day=20241001/000025Z.json.gz: Not a gzipped file (b'{ ')
[2025-04-22T10:26:35.162+0000] {logging_mixin.py:154} INFO - [PROCESS] Reading raw/day=20241001/000030Z.json.gz
[2025-04-22T10:26:43.456+0000] {logging_mixin.py:154} INFO - [ERROR] Failed to parse raw/day=20241001/000030Z.json.gz: Not a gzipped file (b'{ ')
[2025-04-22T10:26:43.459+0000] {logging_mixin.py:154} INFO - [PROCESS] Reading raw/day=20241001/000035Z.json.gz
[2025-04-22T10:26:58.053+0000] {logging_mixin.py:154} INFO - [ERROR] Failed to parse raw/day=20241001/000035Z.json.gz: Not a gzipped file (b'{ ')
[2025-04-22T10:26:58.056+0000] {logging_mixin.py:154} INFO - [PROCESS] Reading raw/day=20241001/000040Z.json.gz
[2025-04-22T10:27:12.988+0000] {logging_mixin.py:154} INFO - [ERROR] Failed to parse raw/day=20241001/000040Z.json.gz: Not a gzipped file (b'{ ')
[2025-04-22T10:27:12.990+0000] {logging_mixin.py:154} INFO - [PROCESS] Reading raw/day=20241001/000045Z.json.gz
[2025-04-22T10:27:23.581+0000] {logging_mixin.py:154} INFO - [ERROR] Failed to parse raw/day=20241001/000045Z.json.gz: Not a gzipped file (b'{ ')
[2025-04-22T10:27:23.584+0000] {logging_mixin.py:154} INFO - [PROCESS] Reading raw/day=20241001/000050Z.json.gz
[2025-04-22T10:27:32.242+0000] {logging_mixin.py:154} INFO - [ERROR] Failed to parse raw/day=20241001/000050Z.json.gz: Not a gzipped file (b'{ ')
[2025-04-22T10:27:32.244+0000] {logging_mixin.py:154} INFO - [PROCESS] Reading raw/day=20241001/000055Z.json.gz
[2025-04-22T10:27:38.726+0000] {logging_mixin.py:154} INFO - [ERROR] Failed to parse raw/day=20241001/000055Z.json.gz: Not a gzipped file (b'{ ')
[2025-04-22T10:27:38.729+0000] {logging_mixin.py:154} INFO - [PROCESS] Reading raw/day=20241001/000100Z.json.gz
[2025-04-22T10:27:46.016+0000] {logging_mixin.py:154} INFO - [ERROR] Failed to parse raw/day=20241001/000100Z.json.gz: Not a gzipped file (b'{ ')
[2025-04-22T10:27:46.019+0000] {logging_mixin.py:154} INFO - [PROCESS] Reading raw/day=20241001/000105Z.json.gz
[2025-04-22T10:27:53.257+0000] {logging_mixin.py:154} INFO - [ERROR] Failed to parse raw/day=20241001/000105Z.json.gz: Not a gzipped file (b'{ ')
[2025-04-22T10:27:53.260+0000] {logging_mixin.py:154} INFO - [PROCESS] Reading raw/day=20241001/000110Z.json.gz
[2025-04-22T10:28:04.872+0000] {logging_mixin.py:154} INFO - [ERROR] Failed to parse raw/day=20241001/000110Z.json.gz: Not a gzipped file (b'{ ')
[2025-04-22T10:28:04.874+0000] {logging_mixin.py:154} INFO - [PROCESS] Reading raw/day=20241001/000115Z.json.gz
[2025-04-22T10:28:14.692+0000] {logging_mixin.py:154} INFO - [ERROR] Failed to parse raw/day=20241001/000115Z.json.gz: Not a gzipped file (b'{ ')
[2025-04-22T10:28:14.693+0000] {logging_mixin.py:154} INFO - [PROCESS] Reading raw/day=20241001/000120Z.json.gz
[2025-04-22T10:28:21.969+0000] {logging_mixin.py:154} INFO - [ERROR] Failed to parse raw/day=20241001/000120Z.json.gz: Not a gzipped file (b'{ ')
[2025-04-22T10:28:21.972+0000] {logging_mixin.py:154} INFO - [PROCESS] Reading raw/day=20241001/000125Z.json.gz
[2025-04-22T10:28:31.659+0000] {logging_mixin.py:154} INFO - [ERROR] Failed to parse raw/day=20241001/000125Z.json.gz: Not a gzipped file (b'{ ')
[2025-04-22T10:28:31.661+0000] {logging_mixin.py:154} INFO - [PROCESS] Reading raw/day=20241001/000130Z.json.gz
[2025-04-22T10:28:43.128+0000] {logging_mixin.py:154} INFO - [ERROR] Failed to parse raw/day=20241001/000130Z.json.gz: Not a gzipped file (b'{ ')
[2025-04-22T10:28:43.129+0000] {logging_mixin.py:154} INFO - [PROCESS] Reading raw/day=20241001/000135Z.json.gz
[2025-04-22T10:28:51.251+0000] {logging_mixin.py:154} INFO - [ERROR] Failed to parse raw/day=20241001/000135Z.json.gz: Not a gzipped file (b'{ ')
[2025-04-22T10:28:51.255+0000] {logging_mixin.py:154} INFO - [PROCESS] Reading raw/day=20241001/000140Z.json.gz
[2025-04-22T10:28:55.704+0000] {logging_mixin.py:154} INFO - [ERROR] Failed to parse raw/day=20241001/000140Z.json.gz: Not a gzipped file (b'{ ')
[2025-04-22T10:28:55.705+0000] {logging_mixin.py:154} INFO - [PROCESS] Reading raw/day=20241001/000145Z.json.gz
[2025-04-22T10:29:00.135+0000] {logging_mixin.py:154} INFO - [ERROR] Failed to parse raw/day=20241001/000145Z.json.gz: Not a gzipped file (b'{ ')
[2025-04-22T10:29:00.137+0000] {logging_mixin.py:154} INFO - [PROCESS] Reading raw/day=20241001/000150Z.json.gz
[2025-04-22T10:29:04.378+0000] {logging_mixin.py:154} INFO - [ERROR] Failed to parse raw/day=20241001/000150Z.json.gz: Not a gzipped file (b'{ ')
[2025-04-22T10:29:04.383+0000] {logging_mixin.py:154} INFO - [PROCESS] Reading raw/day=20241001/000155Z.json.gz
[2025-04-22T10:29:10.048+0000] {logging_mixin.py:154} INFO - [ERROR] Failed to parse raw/day=20241001/000155Z.json.gz: Not a gzipped file (b'{ ')
[2025-04-22T10:29:10.049+0000] {logging_mixin.py:154} INFO - [PROCESS] Reading raw/day=20241001/000200Z.json.gz
[2025-04-22T10:29:17.170+0000] {logging_mixin.py:154} INFO - [ERROR] Failed to parse raw/day=20241001/000200Z.json.gz: Not a gzipped file (b'{ ')
[2025-04-22T10:29:17.176+0000] {logging_mixin.py:154} INFO - [PROCESS] Reading raw/day=20241001/000205Z.json.gz
[2025-04-22T10:29:37.894+0000] {logging_mixin.py:154} INFO - [ERROR] Failed to parse raw/day=20241001/000205Z.json.gz: Not a gzipped file (b'{ ')
[2025-04-22T10:29:37.897+0000] {logging_mixin.py:154} INFO - [PROCESS] Reading raw/day=20241001/000210Z.json.gz
[2025-04-22T10:29:58.811+0000] {logging_mixin.py:154} INFO - [ERROR] Failed to parse raw/day=20241001/000210Z.json.gz: Not a gzipped file (b'{ ')
[2025-04-22T10:29:58.817+0000] {logging_mixin.py:154} INFO - [PROCESS] Reading raw/day=20241001/000215Z.json.gz
[2025-04-22T10:30:23.699+0000] {logging_mixin.py:154} INFO - [ERROR] Failed to parse raw/day=20241001/000215Z.json.gz: Not a gzipped file (b'{ ')
[2025-04-22T10:30:23.703+0000] {logging_mixin.py:154} INFO - [PROCESS] Reading raw/day=20241001/000220Z.json.gz
[2025-04-22T10:30:34.054+0000] {logging_mixin.py:154} INFO - [ERROR] Failed to parse raw/day=20241001/000220Z.json.gz: Not a gzipped file (b'{ ')
[2025-04-22T10:30:34.056+0000] {logging_mixin.py:154} INFO - [PROCESS] Reading raw/day=20241001/000225Z.json.gz
[2025-04-22T10:30:54.723+0000] {logging_mixin.py:154} INFO - [ERROR] Failed to parse raw/day=20241001/000225Z.json.gz: Not a gzipped file (b'{ ')
[2025-04-22T10:30:54.727+0000] {logging_mixin.py:154} INFO - [PROCESS] Reading raw/day=20241001/000230Z.json.gz
[2025-04-22T10:31:04.970+0000] {logging_mixin.py:154} INFO - [ERROR] Failed to parse raw/day=20241001/000230Z.json.gz: Not a gzipped file (b'{ ')
[2025-04-22T10:31:04.974+0000] {logging_mixin.py:154} INFO - [PROCESS] Reading raw/day=20241001/000235Z.json.gz
[2025-04-22T10:31:17.375+0000] {logging_mixin.py:154} INFO - [ERROR] Failed to parse raw/day=20241001/000235Z.json.gz: Not a gzipped file (b'{ ')
[2025-04-22T10:31:17.380+0000] {logging_mixin.py:154} INFO - [PROCESS] Reading raw/day=20241001/000240Z.json.gz
[2025-04-22T10:31:27.234+0000] {logging_mixin.py:154} INFO - [ERROR] Failed to parse raw/day=20241001/000240Z.json.gz: Not a gzipped file (b'{ ')
[2025-04-22T10:31:27.236+0000] {logging_mixin.py:154} INFO - [PROCESS] Reading raw/day=20241001/000245Z.json.gz
[2025-04-22T10:31:34.637+0000] {logging_mixin.py:154} INFO - [ERROR] Failed to parse raw/day=20241001/000245Z.json.gz: Not a gzipped file (b'{ ')
[2025-04-22T10:31:34.640+0000] {logging_mixin.py:154} INFO - [PROCESS] Reading raw/day=20241001/000250Z.json.gz
[2025-04-22T10:31:42.872+0000] {logging_mixin.py:154} INFO - [ERROR] Failed to parse raw/day=20241001/000250Z.json.gz: Not a gzipped file (b'{ ')
[2025-04-22T10:31:42.875+0000] {logging_mixin.py:154} INFO - [PROCESS] Reading raw/day=20241001/000255Z.json.gz
[2025-04-22T10:31:53.175+0000] {logging_mixin.py:154} INFO - [ERROR] Failed to parse raw/day=20241001/000255Z.json.gz: Not a gzipped file (b'{ ')
[2025-04-22T10:31:53.178+0000] {logging_mixin.py:154} INFO - [PROCESS] Reading raw/day=20241001/000300Z.json.gz
[2025-04-22T10:31:57.140+0000] {logging_mixin.py:154} INFO - [ERROR] Failed to parse raw/day=20241001/000300Z.json.gz: Not a gzipped file (b'{ ')
[2025-04-22T10:31:57.142+0000] {logging_mixin.py:154} INFO - [PROCESS] Reading raw/day=20241001/000305Z.json.gz
[2025-04-22T10:32:05.182+0000] {logging_mixin.py:154} INFO - [ERROR] Failed to parse raw/day=20241001/000305Z.json.gz: Not a gzipped file (b'{ ')
[2025-04-22T10:32:05.184+0000] {logging_mixin.py:154} INFO - [PROCESS] Reading raw/day=20241001/000310Z.json.gz
[2025-04-22T10:32:15.213+0000] {logging_mixin.py:154} INFO - [ERROR] Failed to parse raw/day=20241001/000310Z.json.gz: Not a gzipped file (b'{ ')
[2025-04-22T10:32:15.217+0000] {logging_mixin.py:154} INFO - [PROCESS] Reading raw/day=20241001/000315Z.json.gz
[2025-04-22T10:32:24.196+0000] {logging_mixin.py:154} INFO - [ERROR] Failed to parse raw/day=20241001/000315Z.json.gz: Not a gzipped file (b'{ ')
[2025-04-22T10:32:24.200+0000] {logging_mixin.py:154} INFO - [PROCESS] Reading raw/day=20241001/000320Z.json.gz
[2025-04-22T10:32:32.330+0000] {logging_mixin.py:154} INFO - [ERROR] Failed to parse raw/day=20241001/000320Z.json.gz: Not a gzipped file (b'{ ')
[2025-04-22T10:32:32.333+0000] {logging_mixin.py:154} INFO - [PROCESS] Reading raw/day=20241001/000325Z.json.gz
[2025-04-22T10:32:42.052+0000] {logging_mixin.py:154} INFO - [ERROR] Failed to parse raw/day=20241001/000325Z.json.gz: Not a gzipped file (b'{ ')
[2025-04-22T10:32:42.054+0000] {logging_mixin.py:154} INFO - [PROCESS] Reading raw/day=20241001/000330Z.json.gz
[2025-04-22T10:32:51.016+0000] {logging_mixin.py:154} INFO - [ERROR] Failed to parse raw/day=20241001/000330Z.json.gz: Not a gzipped file (b'{ ')
[2025-04-22T10:32:51.017+0000] {logging_mixin.py:154} INFO - [PROCESS] Reading raw/day=20241001/000335Z.json.gz
[2025-04-22T10:33:01.851+0000] {logging_mixin.py:154} INFO - [ERROR] Failed to parse raw/day=20241001/000335Z.json.gz: Not a gzipped file (b'{ ')
[2025-04-22T10:33:01.855+0000] {logging_mixin.py:154} INFO - [PROCESS] Reading raw/day=20241001/000340Z.json.gz
[2025-04-22T10:33:14.223+0000] {logging_mixin.py:154} INFO - [ERROR] Failed to parse raw/day=20241001/000340Z.json.gz: Not a gzipped file (b'{ ')
[2025-04-22T10:33:14.226+0000] {logging_mixin.py:154} INFO - [PROCESS] Reading raw/day=20241001/000345Z.json.gz
[2025-04-22T10:33:23.276+0000] {logging_mixin.py:154} INFO - [ERROR] Failed to parse raw/day=20241001/000345Z.json.gz: Not a gzipped file (b'{ ')
[2025-04-22T10:33:23.280+0000] {logging_mixin.py:154} INFO - [PROCESS] Reading raw/day=20241001/000350Z.json.gz
[2025-04-22T10:33:29.798+0000] {logging_mixin.py:154} INFO - [ERROR] Failed to parse raw/day=20241001/000350Z.json.gz: Not a gzipped file (b'{ ')
[2025-04-22T10:33:29.799+0000] {logging_mixin.py:154} INFO - [PROCESS] Reading raw/day=20241001/000355Z.json.gz
[2025-04-22T10:33:37.030+0000] {logging_mixin.py:154} INFO - [ERROR] Failed to parse raw/day=20241001/000355Z.json.gz: Not a gzipped file (b'{ ')
[2025-04-22T10:33:37.032+0000] {logging_mixin.py:154} INFO - [PROCESS] Reading raw/day=20241001/000400Z.json.gz
[2025-04-22T10:33:49.789+0000] {logging_mixin.py:154} INFO - [ERROR] Failed to parse raw/day=20241001/000400Z.json.gz: Not a gzipped file (b'{ ')
[2025-04-22T10:33:49.793+0000] {logging_mixin.py:154} INFO - [PROCESS] Reading raw/day=20241001/000405Z.json.gz
[2025-04-22T10:33:53.271+0000] {logging_mixin.py:154} INFO - [ERROR] Failed to parse raw/day=20241001/000405Z.json.gz: Not a gzipped file (b'{ ')
[2025-04-22T10:33:53.273+0000] {logging_mixin.py:154} INFO - [PROCESS] Reading raw/day=20241001/000410Z.json.gz
[2025-04-22T10:33:58.518+0000] {logging_mixin.py:154} INFO - [ERROR] Failed to parse raw/day=20241001/000410Z.json.gz: Not a gzipped file (b'{ ')
[2025-04-22T10:33:58.521+0000] {logging_mixin.py:154} INFO - [PROCESS] Reading raw/day=20241001/000415Z.json.gz
[2025-04-22T10:34:04.084+0000] {logging_mixin.py:154} INFO - [ERROR] Failed to parse raw/day=20241001/000415Z.json.gz: Not a gzipped file (b'{ ')
[2025-04-22T10:34:04.089+0000] {logging_mixin.py:154} INFO - [PROCESS] Reading raw/day=20241001/000420Z.json.gz
[2025-04-22T10:34:09.432+0000] {logging_mixin.py:154} INFO - [ERROR] Failed to parse raw/day=20241001/000420Z.json.gz: Not a gzipped file (b'{ ')
[2025-04-22T10:34:09.435+0000] {logging_mixin.py:154} INFO - [PROCESS] Reading raw/day=20241001/000425Z.json.gz
[2025-04-22T10:34:16.904+0000] {logging_mixin.py:154} INFO - [ERROR] Failed to parse raw/day=20241001/000425Z.json.gz: Not a gzipped file (b'{ ')
[2025-04-22T10:34:16.909+0000] {logging_mixin.py:154} INFO - [PROCESS] Reading raw/day=20241001/000430Z.json.gz
[2025-04-22T10:34:26.625+0000] {logging_mixin.py:154} INFO - [ERROR] Failed to parse raw/day=20241001/000430Z.json.gz: Not a gzipped file (b'{ ')
[2025-04-22T10:34:26.631+0000] {logging_mixin.py:154} INFO - [PROCESS] Reading raw/day=20241001/000435Z.json.gz
[2025-04-22T10:34:28.932+0000] {logging_mixin.py:154} INFO - [ERROR] Failed to parse raw/day=20241001/000435Z.json.gz: Not a gzipped file (b'{ ')
[2025-04-22T10:34:28.933+0000] {logging_mixin.py:154} INFO - [PROCESS] Reading raw/day=20241001/000440Z.json.gz
[2025-04-22T10:34:31.291+0000] {logging_mixin.py:154} INFO - [ERROR] Failed to parse raw/day=20241001/000440Z.json.gz: Not a gzipped file (b'{ ')
[2025-04-22T10:34:31.291+0000] {logging_mixin.py:154} INFO - [PROCESS] Reading raw/day=20241001/000445Z.json.gz
[2025-04-22T10:34:34.892+0000] {logging_mixin.py:154} INFO - [ERROR] Failed to parse raw/day=20241001/000445Z.json.gz: Not a gzipped file (b'{ ')
[2025-04-22T10:34:34.894+0000] {logging_mixin.py:154} INFO - [PROCESS] Reading raw/day=20241001/000450Z.json.gz
[2025-04-22T10:34:37.682+0000] {logging_mixin.py:154} INFO - [ERROR] Failed to parse raw/day=20241001/000450Z.json.gz: Not a gzipped file (b'{ ')
[2025-04-22T10:34:37.683+0000] {logging_mixin.py:154} INFO - [PROCESS] Reading raw/day=20241001/000455Z.json.gz
[2025-04-22T10:34:44.143+0000] {logging_mixin.py:154} INFO - [ERROR] Failed to parse raw/day=20241001/000455Z.json.gz: Not a gzipped file (b'{ ')
[2025-04-22T10:34:44.147+0000] {logging_mixin.py:154} INFO - [PROCESS] Reading raw/day=20241001/000500Z.json.gz
[2025-04-22T10:34:53.243+0000] {logging_mixin.py:154} INFO - [ERROR] Failed to parse raw/day=20241001/000500Z.json.gz: Not a gzipped file (b'{ ')
[2025-04-22T10:34:53.245+0000] {logging_mixin.py:154} INFO - [PROCESS] Reading raw/day=20241001/000505Z.json.gz
[2025-04-22T10:35:03.767+0000] {logging_mixin.py:154} INFO - [ERROR] Failed to parse raw/day=20241001/000505Z.json.gz: Not a gzipped file (b'{ ')
[2025-04-22T10:35:03.771+0000] {logging_mixin.py:154} INFO - [PROCESS] Reading raw/day=20241001/000510Z.json.gz
[2025-04-22T10:35:12.409+0000] {logging_mixin.py:154} INFO - [ERROR] Failed to parse raw/day=20241001/000510Z.json.gz: Not a gzipped file (b'{ ')
[2025-04-22T10:35:12.411+0000] {logging_mixin.py:154} INFO - [PROCESS] Reading raw/day=20241001/000515Z.json.gz
[2025-04-22T10:35:22.286+0000] {logging_mixin.py:154} INFO - [ERROR] Failed to parse raw/day=20241001/000515Z.json.gz: Not a gzipped file (b'{ ')
[2025-04-22T10:35:22.289+0000] {logging_mixin.py:154} INFO - [PROCESS] Reading raw/day=20241001/000520Z.json.gz
[2025-04-22T10:35:31.089+0000] {logging_mixin.py:154} INFO - [ERROR] Failed to parse raw/day=20241001/000520Z.json.gz: Not a gzipped file (b'{ ')
[2025-04-22T10:35:31.090+0000] {logging_mixin.py:154} INFO - [PROCESS] Reading raw/day=20241001/000525Z.json.gz
[2025-04-22T10:35:37.463+0000] {logging_mixin.py:154} INFO - [ERROR] Failed to parse raw/day=20241001/000525Z.json.gz: Not a gzipped file (b'{ ')
[2025-04-22T10:35:37.464+0000] {logging_mixin.py:154} INFO - [PROCESS] Reading raw/day=20241001/000530Z.json.gz
[2025-04-22T10:35:42.249+0000] {logging_mixin.py:154} INFO - [ERROR] Failed to parse raw/day=20241001/000530Z.json.gz: Not a gzipped file (b'{ ')
[2025-04-22T10:35:42.250+0000] {logging_mixin.py:154} INFO - [PROCESS] Reading raw/day=20241001/000535Z.json.gz
[2025-04-22T10:35:48.749+0000] {logging_mixin.py:154} INFO - [ERROR] Failed to parse raw/day=20241001/000535Z.json.gz: Not a gzipped file (b'{ ')
[2025-04-22T10:35:48.750+0000] {logging_mixin.py:154} INFO - [PROCESS] Reading raw/day=20241001/000540Z.json.gz
[2025-04-22T10:35:57.632+0000] {logging_mixin.py:154} INFO - [ERROR] Failed to parse raw/day=20241001/000540Z.json.gz: Not a gzipped file (b'{ ')
[2025-04-22T10:35:57.635+0000] {logging_mixin.py:154} INFO - [PROCESS] Reading raw/day=20241001/000545Z.json.gz
[2025-04-22T10:36:07.949+0000] {logging_mixin.py:154} INFO - [ERROR] Failed to parse raw/day=20241001/000545Z.json.gz: Not a gzipped file (b'{ ')
[2025-04-22T10:36:07.951+0000] {logging_mixin.py:154} INFO - [PROCESS] Reading raw/day=20241001/000550Z.json.gz
[2025-04-22T10:36:18.269+0000] {logging_mixin.py:154} INFO - [ERROR] Failed to parse raw/day=20241001/000550Z.json.gz: Not a gzipped file (b'{ ')
[2025-04-22T10:36:18.274+0000] {logging_mixin.py:154} INFO - [PROCESS] Reading raw/day=20241001/000555Z.json.gz
[2025-04-22T10:36:30.979+0000] {logging_mixin.py:154} INFO - [ERROR] Failed to parse raw/day=20241001/000555Z.json.gz: Not a gzipped file (b'{ ')
[2025-04-22T10:36:30.982+0000] {logging_mixin.py:154} INFO - [PROCESS] Reading raw/day=20241001/000600Z.json.gz
[2025-04-22T10:36:41.502+0000] {logging_mixin.py:154} INFO - [ERROR] Failed to parse raw/day=20241001/000600Z.json.gz: Not a gzipped file (b'{ ')
[2025-04-22T10:36:41.504+0000] {logging_mixin.py:154} INFO - [PROCESS] Reading raw/day=20241001/000605Z.json.gz
[2025-04-22T10:36:53.206+0000] {logging_mixin.py:154} INFO - [ERROR] Failed to parse raw/day=20241001/000605Z.json.gz: Not a gzipped file (b'{ ')
[2025-04-22T10:36:53.210+0000] {logging_mixin.py:154} INFO - [PROCESS] Reading raw/day=20241001/000610Z.json.gz
[2025-04-22T10:37:06.063+0000] {logging_mixin.py:154} INFO - [ERROR] Failed to parse raw/day=20241001/000610Z.json.gz: Not a gzipped file (b'{ ')
[2025-04-22T10:37:06.066+0000] {logging_mixin.py:154} INFO - [PROCESS] Reading raw/day=20241001/000615Z.json.gz
[2025-04-22T10:37:16.653+0000] {logging_mixin.py:154} INFO - [ERROR] Failed to parse raw/day=20241001/000615Z.json.gz: Not a gzipped file (b'{ ')
[2025-04-22T10:37:16.655+0000] {logging_mixin.py:154} INFO - [PROCESS] Reading raw/day=20241001/000620Z.json.gz
[2025-04-22T10:37:19.693+0000] {logging_mixin.py:154} INFO - [ERROR] Failed to parse raw/day=20241001/000620Z.json.gz: Not a gzipped file (b'{ ')
[2025-04-22T10:37:19.696+0000] {logging_mixin.py:154} INFO - [PROCESS] Reading raw/day=20241001/000625Z.json.gz
[2025-04-22T10:37:24.035+0000] {logging_mixin.py:154} INFO - [ERROR] Failed to parse raw/day=20241001/000625Z.json.gz: Not a gzipped file (b'{ ')
[2025-04-22T10:37:24.041+0000] {logging_mixin.py:154} INFO - [PROCESS] Reading raw/day=20241001/000630Z.json.gz
[2025-04-22T10:37:28.447+0000] {logging_mixin.py:154} INFO - [ERROR] Failed to parse raw/day=20241001/000630Z.json.gz: Not a gzipped file (b'{ ')
[2025-04-22T10:37:28.448+0000] {logging_mixin.py:154} INFO - [PROCESS] Reading raw/day=20241001/000635Z.json.gz
[2025-04-22T10:37:36.202+0000] {logging_mixin.py:154} INFO - [ERROR] Failed to parse raw/day=20241001/000635Z.json.gz: Not a gzipped file (b'{ ')
[2025-04-22T10:37:36.203+0000] {logging_mixin.py:154} INFO - [PROCESS] Reading raw/day=20241001/000640Z.json.gz
[2025-04-22T10:37:43.325+0000] {logging_mixin.py:154} INFO - [ERROR] Failed to parse raw/day=20241001/000640Z.json.gz: Not a gzipped file (b'{ ')
[2025-04-22T10:37:43.328+0000] {logging_mixin.py:154} INFO - [PROCESS] Reading raw/day=20241001/000645Z.json.gz
[2025-04-22T10:37:48.487+0000] {logging_mixin.py:154} INFO - [ERROR] Failed to parse raw/day=20241001/000645Z.json.gz: Not a gzipped file (b'{ ')
[2025-04-22T10:37:48.489+0000] {logging_mixin.py:154} INFO - [PROCESS] Reading raw/day=20241001/000650Z.json.gz
[2025-04-22T10:37:50.859+0000] {logging_mixin.py:154} INFO - [ERROR] Failed to parse raw/day=20241001/000650Z.json.gz: Not a gzipped file (b'{ ')
[2025-04-22T10:37:50.863+0000] {logging_mixin.py:154} INFO - [PROCESS] Reading raw/day=20241001/000655Z.json.gz
[2025-04-22T10:37:54.197+0000] {logging_mixin.py:154} INFO - [ERROR] Failed to parse raw/day=20241001/000655Z.json.gz: Not a gzipped file (b'{ ')
[2025-04-22T10:37:54.199+0000] {logging_mixin.py:154} INFO - [PROCESS] Reading raw/day=20241001/000700Z.json.gz
[2025-04-22T10:37:57.481+0000] {logging_mixin.py:154} INFO - [ERROR] Failed to parse raw/day=20241001/000700Z.json.gz: Not a gzipped file (b'{ ')
[2025-04-22T10:37:57.482+0000] {logging_mixin.py:154} INFO - [PROCESS] Reading raw/day=20241001/000705Z.json.gz
[2025-04-22T10:38:04.236+0000] {logging_mixin.py:154} INFO - [ERROR] Failed to parse raw/day=20241001/000705Z.json.gz: Not a gzipped file (b'{ ')
[2025-04-22T10:38:04.240+0000] {logging_mixin.py:154} INFO - [PROCESS] Reading raw/day=20241001/000710Z.json.gz
[2025-04-22T10:38:10.845+0000] {logging_mixin.py:154} INFO - [ERROR] Failed to parse raw/day=20241001/000710Z.json.gz: Not a gzipped file (b'{ ')
[2025-04-22T10:38:10.848+0000] {logging_mixin.py:154} INFO - [PROCESS] Reading raw/day=20241001/000715Z.json.gz
[2025-04-22T10:38:16.299+0000] {logging_mixin.py:154} INFO - [ERROR] Failed to parse raw/day=20241001/000715Z.json.gz: Not a gzipped file (b'{ ')
[2025-04-22T10:38:16.300+0000] {logging_mixin.py:154} INFO - [PROCESS] Reading raw/day=20241001/000720Z.json.gz
[2025-04-22T10:38:21.298+0000] {logging_mixin.py:154} INFO - [ERROR] Failed to parse raw/day=20241001/000720Z.json.gz: Not a gzipped file (b'{ ')
[2025-04-22T10:38:21.300+0000] {logging_mixin.py:154} INFO - [PROCESS] Reading raw/day=20241001/000725Z.json.gz
[2025-04-22T10:38:26.817+0000] {logging_mixin.py:154} INFO - [ERROR] Failed to parse raw/day=20241001/000725Z.json.gz: Not a gzipped file (b'{ ')
[2025-04-22T10:38:26.821+0000] {logging_mixin.py:154} INFO - [PROCESS] Reading raw/day=20241001/000730Z.json.gz
[2025-04-22T10:38:32.119+0000] {logging_mixin.py:154} INFO - [ERROR] Failed to parse raw/day=20241001/000730Z.json.gz: Not a gzipped file (b'{ ')
[2025-04-22T10:38:32.119+0000] {logging_mixin.py:154} INFO - [PROCESS] Reading raw/day=20241001/000735Z.json.gz
[2025-04-22T10:38:36.254+0000] {logging_mixin.py:154} INFO - [ERROR] Failed to parse raw/day=20241001/000735Z.json.gz: Not a gzipped file (b'{ ')
[2025-04-22T10:38:36.255+0000] {logging_mixin.py:154} INFO - [PROCESS] Reading raw/day=20241001/000740Z.json.gz
[2025-04-22T10:38:41.861+0000] {logging_mixin.py:154} INFO - [ERROR] Failed to parse raw/day=20241001/000740Z.json.gz: Not a gzipped file (b'{ ')
[2025-04-22T10:38:41.863+0000] {logging_mixin.py:154} INFO - [PROCESS] Reading raw/day=20241001/000745Z.json.gz
[2025-04-22T10:38:48.761+0000] {logging_mixin.py:154} INFO - [ERROR] Failed to parse raw/day=20241001/000745Z.json.gz: Not a gzipped file (b'{ ')
[2025-04-22T10:38:48.763+0000] {logging_mixin.py:154} INFO - [PROCESS] Reading raw/day=20241001/000750Z.json.gz
[2025-04-22T10:38:54.280+0000] {logging_mixin.py:154} INFO - [ERROR] Failed to parse raw/day=20241001/000750Z.json.gz: Not a gzipped file (b'{ ')
[2025-04-22T10:38:54.282+0000] {logging_mixin.py:154} INFO - [PROCESS] Reading raw/day=20241001/000755Z.json.gz
[2025-04-22T10:39:04.643+0000] {logging_mixin.py:154} INFO - [ERROR] Failed to parse raw/day=20241001/000755Z.json.gz: Not a gzipped file (b'{ ')
[2025-04-22T10:39:04.650+0000] {logging_mixin.py:154} INFO - [PROCESS] Reading raw/day=20241001/000800Z.json.gz
[2025-04-22T10:39:06.751+0000] {logging_mixin.py:154} INFO - [ERROR] Failed to parse raw/day=20241001/000800Z.json.gz: Not a gzipped file (b'{ ')
[2025-04-22T10:39:06.753+0000] {logging_mixin.py:154} INFO - [PROCESS] Reading raw/day=20241001/000805Z.json.gz
[2025-04-22T10:39:08.713+0000] {logging_mixin.py:154} INFO - [ERROR] Failed to parse raw/day=20241001/000805Z.json.gz: Not a gzipped file (b'{ ')
[2025-04-22T10:39:08.714+0000] {logging_mixin.py:154} INFO - [PROCESS] Reading raw/day=20241001/000810Z.json.gz
[2025-04-22T10:39:11.843+0000] {logging_mixin.py:154} INFO - [ERROR] Failed to parse raw/day=20241001/000810Z.json.gz: Not a gzipped file (b'{ ')
[2025-04-22T10:39:11.844+0000] {logging_mixin.py:154} INFO - [PROCESS] Reading raw/day=20241001/000815Z.json.gz
[2025-04-22T10:39:13.753+0000] {logging_mixin.py:154} INFO - [ERROR] Failed to parse raw/day=20241001/000815Z.json.gz: Not a gzipped file (b'{ ')
[2025-04-22T10:39:13.759+0000] {logging_mixin.py:154} INFO - [DB] Total rows inserted: 0
[2025-04-22T10:39:13.773+0000] {python.py:194} INFO - Done. Returned value was: None
[2025-04-22T10:39:13.848+0000] {taskinstance.py:1400} INFO - Marking task as SUCCESS. dag_id=readsb_hist_dag, task_id=prepare_and_upload_readsb_hist, execution_date=20241001T000000, start_date=20250422T102603, end_date=20250422T103913
[2025-04-22T10:39:13.920+0000] {local_task_job_runner.py:228} INFO - Task exited with return code 0
[2025-04-22T10:39:13.981+0000] {taskinstance.py:2778} INFO - 0 downstream tasks scheduled from follow-on schedule check
