[2025-04-22T10:10:15.236+0000] {taskinstance.py:1159} INFO - Dependencies all met for dep_context=non-requeueable deps ti=<TaskInstance: readsb_hist_dag.prepare_and_upload_readsb_hist scheduled__2024-09-01T00:00:00+00:00 [queued]>
[2025-04-22T10:10:15.241+0000] {taskinstance.py:1159} INFO - Dependencies all met for dep_context=requeueable deps ti=<TaskInstance: readsb_hist_dag.prepare_and_upload_readsb_hist scheduled__2024-09-01T00:00:00+00:00 [queued]>
[2025-04-22T10:10:15.241+0000] {taskinstance.py:1361} INFO - Starting attempt 1 of 2
[2025-04-22T10:10:15.247+0000] {taskinstance.py:1382} INFO - Executing <Task(PythonOperator): prepare_and_upload_readsb_hist> on 2024-09-01 00:00:00+00:00
[2025-04-22T10:10:15.249+0000] {standard_task_runner.py:57} INFO - Started process 859 to run task
[2025-04-22T10:10:15.254+0000] {standard_task_runner.py:84} INFO - Running: ['airflow', 'tasks', 'run', 'readsb_hist_dag', 'prepare_and_upload_readsb_hist', 'scheduled__2024-09-01T00:00:00+00:00', '--job-id', '206', '--raw', '--subdir', 'DAGS_FOLDER/readsb_hist_dag.py', '--cfg-path', '/tmp/tmpxv4atr33']
[2025-04-22T10:10:15.256+0000] {standard_task_runner.py:85} INFO - Job 206: Subtask prepare_and_upload_readsb_hist
[2025-04-22T10:10:15.330+0000] {task_command.py:416} INFO - Running <TaskInstance: readsb_hist_dag.prepare_and_upload_readsb_hist scheduled__2024-09-01T00:00:00+00:00 [running]> on host 4d88e7682171
[2025-04-22T10:10:15.437+0000] {taskinstance.py:1662} INFO - Exporting env vars: AIRFLOW_CTX_DAG_OWNER='airflow' AIRFLOW_CTX_DAG_ID='readsb_hist_dag' AIRFLOW_CTX_TASK_ID='prepare_and_upload_readsb_hist' AIRFLOW_CTX_EXECUTION_DATE='2024-09-01T00:00:00+00:00' AIRFLOW_CTX_TRY_NUMBER='1' AIRFLOW_CTX_DAG_RUN_ID='scheduled__2024-09-01T00:00:00+00:00'
[2025-04-22T10:10:15.454+0000] {credentials.py:1124} INFO - Found credentials in environment variables.
[2025-04-22T10:10:16.167+0000] {logging_mixin.py:154} INFO - [PROCESS] Reading raw/day=20240901/000000Z.json.gz
[2025-04-22T10:10:17.688+0000] {logging_mixin.py:154} INFO - [ERROR] Failed to parse raw/day=20240901/000000Z.json.gz: Not a gzipped file (b'{ ')
[2025-04-22T10:10:17.690+0000] {logging_mixin.py:154} INFO - [PROCESS] Reading raw/day=20240901/000005Z.json.gz
[2025-04-22T10:10:19.257+0000] {logging_mixin.py:154} INFO - [ERROR] Failed to parse raw/day=20240901/000005Z.json.gz: Not a gzipped file (b'{ ')
[2025-04-22T10:10:19.259+0000] {logging_mixin.py:154} INFO - [PROCESS] Reading raw/day=20240901/000010Z.json.gz
[2025-04-22T10:10:20.797+0000] {logging_mixin.py:154} INFO - [ERROR] Failed to parse raw/day=20240901/000010Z.json.gz: Not a gzipped file (b'{ ')
[2025-04-22T10:10:20.799+0000] {logging_mixin.py:154} INFO - [PROCESS] Reading raw/day=20240901/000015Z.json.gz
[2025-04-22T10:10:22.723+0000] {logging_mixin.py:154} INFO - [ERROR] Failed to parse raw/day=20240901/000015Z.json.gz: Not a gzipped file (b'{ ')
[2025-04-22T10:10:22.727+0000] {logging_mixin.py:154} INFO - [PROCESS] Reading raw/day=20240901/000020Z.json.gz
[2025-04-22T10:10:24.832+0000] {logging_mixin.py:154} INFO - [ERROR] Failed to parse raw/day=20240901/000020Z.json.gz: Not a gzipped file (b'{ ')
[2025-04-22T10:10:24.835+0000] {logging_mixin.py:154} INFO - [PROCESS] Reading raw/day=20240901/000025Z.json.gz
[2025-04-22T10:10:26.430+0000] {logging_mixin.py:154} INFO - [ERROR] Failed to parse raw/day=20240901/000025Z.json.gz: Not a gzipped file (b'{ ')
[2025-04-22T10:10:26.431+0000] {logging_mixin.py:154} INFO - [PROCESS] Reading raw/day=20240901/000030Z.json.gz
[2025-04-22T10:10:28.009+0000] {logging_mixin.py:154} INFO - [ERROR] Failed to parse raw/day=20240901/000030Z.json.gz: Not a gzipped file (b'{ ')
[2025-04-22T10:10:28.010+0000] {logging_mixin.py:154} INFO - [PROCESS] Reading raw/day=20240901/000035Z.json.gz
[2025-04-22T10:10:29.446+0000] {logging_mixin.py:154} INFO - [ERROR] Failed to parse raw/day=20240901/000035Z.json.gz: Not a gzipped file (b'{ ')
[2025-04-22T10:10:29.448+0000] {logging_mixin.py:154} INFO - [PROCESS] Reading raw/day=20240901/000040Z.json.gz
[2025-04-22T10:10:32.131+0000] {logging_mixin.py:154} INFO - [ERROR] Failed to parse raw/day=20240901/000040Z.json.gz: Not a gzipped file (b'{ ')
[2025-04-22T10:10:32.133+0000] {logging_mixin.py:154} INFO - [PROCESS] Reading raw/day=20240901/000045Z.json.gz
[2025-04-22T10:10:33.702+0000] {logging_mixin.py:154} INFO - [ERROR] Failed to parse raw/day=20240901/000045Z.json.gz: Not a gzipped file (b'{ ')
[2025-04-22T10:10:33.703+0000] {logging_mixin.py:154} INFO - [PROCESS] Reading raw/day=20240901/000050Z.json.gz
[2025-04-22T10:10:35.632+0000] {logging_mixin.py:154} INFO - [ERROR] Failed to parse raw/day=20240901/000050Z.json.gz: Not a gzipped file (b'{ ')
[2025-04-22T10:10:35.633+0000] {logging_mixin.py:154} INFO - [PROCESS] Reading raw/day=20240901/000055Z.json.gz
[2025-04-22T10:10:39.100+0000] {logging_mixin.py:154} INFO - [ERROR] Failed to parse raw/day=20240901/000055Z.json.gz: Not a gzipped file (b'{ ')
[2025-04-22T10:10:39.104+0000] {logging_mixin.py:154} INFO - [PROCESS] Reading raw/day=20240901/000100Z.json.gz
[2025-04-22T10:10:42.550+0000] {logging_mixin.py:154} INFO - [ERROR] Failed to parse raw/day=20240901/000100Z.json.gz: Not a gzipped file (b'{ ')
[2025-04-22T10:10:42.555+0000] {logging_mixin.py:154} INFO - [PROCESS] Reading raw/day=20240901/000105Z.json.gz
[2025-04-22T10:10:49.007+0000] {logging_mixin.py:154} INFO - [ERROR] Failed to parse raw/day=20240901/000105Z.json.gz: Not a gzipped file (b'{ ')
[2025-04-22T10:10:49.011+0000] {logging_mixin.py:154} INFO - [PROCESS] Reading raw/day=20240901/000110Z.json.gz
[2025-04-22T10:10:59.146+0000] {logging_mixin.py:154} INFO - [ERROR] Failed to parse raw/day=20240901/000110Z.json.gz: Not a gzipped file (b'{ ')
[2025-04-22T10:10:59.151+0000] {logging_mixin.py:154} INFO - [PROCESS] Reading raw/day=20240901/000115Z.json.gz
[2025-04-22T10:11:02.982+0000] {logging_mixin.py:154} INFO - [ERROR] Failed to parse raw/day=20240901/000115Z.json.gz: Not a gzipped file (b'{ ')
[2025-04-22T10:11:02.983+0000] {logging_mixin.py:154} INFO - [PROCESS] Reading raw/day=20240901/000120Z.json.gz
[2025-04-22T10:11:06.633+0000] {logging_mixin.py:154} INFO - [ERROR] Failed to parse raw/day=20240901/000120Z.json.gz: Not a gzipped file (b'{ ')
[2025-04-22T10:11:06.637+0000] {logging_mixin.py:154} INFO - [PROCESS] Reading raw/day=20240901/000125Z.json.gz
[2025-04-22T10:11:11.838+0000] {logging_mixin.py:154} INFO - [ERROR] Failed to parse raw/day=20240901/000125Z.json.gz: Not a gzipped file (b'{ ')
[2025-04-22T10:11:11.842+0000] {logging_mixin.py:154} INFO - [PROCESS] Reading raw/day=20240901/000130Z.json.gz
[2025-04-22T10:11:15.542+0000] {logging_mixin.py:154} INFO - [ERROR] Failed to parse raw/day=20240901/000130Z.json.gz: Not a gzipped file (b'{ ')
[2025-04-22T10:11:15.543+0000] {logging_mixin.py:154} INFO - [PROCESS] Reading raw/day=20240901/000135Z.json.gz
[2025-04-22T10:11:20.891+0000] {logging_mixin.py:154} INFO - [ERROR] Failed to parse raw/day=20240901/000135Z.json.gz: Not a gzipped file (b'{ ')
[2025-04-22T10:11:20.892+0000] {logging_mixin.py:154} INFO - [PROCESS] Reading raw/day=20240901/000140Z.json.gz
[2025-04-22T10:11:25.383+0000] {logging_mixin.py:154} INFO - [ERROR] Failed to parse raw/day=20240901/000140Z.json.gz: Not a gzipped file (b'{ ')
[2025-04-22T10:11:25.391+0000] {logging_mixin.py:154} INFO - [PROCESS] Reading raw/day=20240901/000145Z.json.gz
[2025-04-22T10:11:27.817+0000] {logging_mixin.py:154} INFO - [ERROR] Failed to parse raw/day=20240901/000145Z.json.gz: Not a gzipped file (b'{ ')
[2025-04-22T10:11:27.818+0000] {logging_mixin.py:154} INFO - [PROCESS] Reading raw/day=20240901/000150Z.json.gz
[2025-04-22T10:11:29.541+0000] {logging_mixin.py:154} INFO - [ERROR] Failed to parse raw/day=20240901/000150Z.json.gz: Not a gzipped file (b'{ ')
[2025-04-22T10:11:29.546+0000] {logging_mixin.py:154} INFO - [PROCESS] Reading raw/day=20240901/000155Z.json.gz
[2025-04-22T10:11:31.201+0000] {logging_mixin.py:154} INFO - [ERROR] Failed to parse raw/day=20240901/000155Z.json.gz: Not a gzipped file (b'{ ')
[2025-04-22T10:11:31.203+0000] {logging_mixin.py:154} INFO - [PROCESS] Reading raw/day=20240901/000200Z.json.gz
[2025-04-22T10:11:34.514+0000] {logging_mixin.py:154} INFO - [ERROR] Failed to parse raw/day=20240901/000200Z.json.gz: Not a gzipped file (b'{ ')
[2025-04-22T10:11:34.519+0000] {logging_mixin.py:154} INFO - [PROCESS] Reading raw/day=20240901/000205Z.json.gz
[2025-04-22T10:11:36.730+0000] {logging_mixin.py:154} INFO - [ERROR] Failed to parse raw/day=20240901/000205Z.json.gz: Not a gzipped file (b'{ ')
[2025-04-22T10:11:36.732+0000] {logging_mixin.py:154} INFO - [PROCESS] Reading raw/day=20240901/000210Z.json.gz
[2025-04-22T10:11:40.107+0000] {logging_mixin.py:154} INFO - [ERROR] Failed to parse raw/day=20240901/000210Z.json.gz: Not a gzipped file (b'{ ')
[2025-04-22T10:11:40.111+0000] {logging_mixin.py:154} INFO - [PROCESS] Reading raw/day=20240901/000215Z.json.gz
[2025-04-22T10:11:43.763+0000] {logging_mixin.py:154} INFO - [ERROR] Failed to parse raw/day=20240901/000215Z.json.gz: Not a gzipped file (b'{ ')
[2025-04-22T10:11:43.767+0000] {logging_mixin.py:154} INFO - [PROCESS] Reading raw/day=20240901/000220Z.json.gz
[2025-04-22T10:11:47.316+0000] {logging_mixin.py:154} INFO - [ERROR] Failed to parse raw/day=20240901/000220Z.json.gz: Not a gzipped file (b'{ ')
[2025-04-22T10:11:47.321+0000] {logging_mixin.py:154} INFO - [PROCESS] Reading raw/day=20240901/000225Z.json.gz
[2025-04-22T10:11:53.746+0000] {logging_mixin.py:154} INFO - [ERROR] Failed to parse raw/day=20240901/000225Z.json.gz: Not a gzipped file (b'{ ')
[2025-04-22T10:11:53.752+0000] {logging_mixin.py:154} INFO - [PROCESS] Reading raw/day=20240901/000230Z.json.gz
[2025-04-22T10:12:04.066+0000] {logging_mixin.py:154} INFO - [ERROR] Failed to parse raw/day=20240901/000230Z.json.gz: Not a gzipped file (b'{ ')
[2025-04-22T10:12:04.070+0000] {logging_mixin.py:154} INFO - [PROCESS] Reading raw/day=20240901/000235Z.json.gz
[2025-04-22T10:12:11.003+0000] {logging_mixin.py:154} INFO - [ERROR] Failed to parse raw/day=20240901/000235Z.json.gz: Not a gzipped file (b'{ ')
[2025-04-22T10:12:11.004+0000] {logging_mixin.py:154} INFO - [PROCESS] Reading raw/day=20240901/000240Z.json.gz
[2025-04-22T10:12:16.884+0000] {logging_mixin.py:154} INFO - [ERROR] Failed to parse raw/day=20240901/000240Z.json.gz: Not a gzipped file (b'{ ')
[2025-04-22T10:12:16.886+0000] {logging_mixin.py:154} INFO - [PROCESS] Reading raw/day=20240901/000245Z.json.gz
[2025-04-22T10:12:23.158+0000] {logging_mixin.py:154} INFO - [ERROR] Failed to parse raw/day=20240901/000245Z.json.gz: Not a gzipped file (b'{ ')
[2025-04-22T10:12:23.163+0000] {logging_mixin.py:154} INFO - [PROCESS] Reading raw/day=20240901/000250Z.json.gz
[2025-04-22T10:12:28.946+0000] {logging_mixin.py:154} INFO - [ERROR] Failed to parse raw/day=20240901/000250Z.json.gz: Not a gzipped file (b'{ ')
[2025-04-22T10:12:28.946+0000] {logging_mixin.py:154} INFO - [PROCESS] Reading raw/day=20240901/000255Z.json.gz
[2025-04-22T10:12:34.433+0000] {logging_mixin.py:154} INFO - [ERROR] Failed to parse raw/day=20240901/000255Z.json.gz: Not a gzipped file (b'{ ')
[2025-04-22T10:12:34.435+0000] {logging_mixin.py:154} INFO - [PROCESS] Reading raw/day=20240901/000300Z.json.gz
[2025-04-22T10:12:41.466+0000] {logging_mixin.py:154} INFO - [ERROR] Failed to parse raw/day=20240901/000300Z.json.gz: Not a gzipped file (b'{ ')
[2025-04-22T10:12:41.470+0000] {logging_mixin.py:154} INFO - [PROCESS] Reading raw/day=20240901/000305Z.json.gz
[2025-04-22T10:12:47.608+0000] {logging_mixin.py:154} INFO - [ERROR] Failed to parse raw/day=20240901/000305Z.json.gz: Not a gzipped file (b'{ ')
[2025-04-22T10:12:47.609+0000] {logging_mixin.py:154} INFO - [PROCESS] Reading raw/day=20240901/000310Z.json.gz
[2025-04-22T10:12:57.661+0000] {logging_mixin.py:154} INFO - [ERROR] Failed to parse raw/day=20240901/000310Z.json.gz: Not a gzipped file (b'{ ')
[2025-04-22T10:12:57.663+0000] {logging_mixin.py:154} INFO - [PROCESS] Reading raw/day=20240901/000315Z.json.gz
[2025-04-22T10:13:05.915+0000] {logging_mixin.py:154} INFO - [ERROR] Failed to parse raw/day=20240901/000315Z.json.gz: Not a gzipped file (b'{ ')
[2025-04-22T10:13:05.918+0000] {logging_mixin.py:154} INFO - [PROCESS] Reading raw/day=20240901/000320Z.json.gz
[2025-04-22T10:13:13.982+0000] {logging_mixin.py:154} INFO - [ERROR] Failed to parse raw/day=20240901/000320Z.json.gz: Not a gzipped file (b'{ ')
[2025-04-22T10:13:13.986+0000] {logging_mixin.py:154} INFO - [PROCESS] Reading raw/day=20240901/000325Z.json.gz
[2025-04-22T10:13:23.300+0000] {logging_mixin.py:154} INFO - [ERROR] Failed to parse raw/day=20240901/000325Z.json.gz: Not a gzipped file (b'{ ')
[2025-04-22T10:13:23.304+0000] {logging_mixin.py:154} INFO - [PROCESS] Reading raw/day=20240901/000330Z.json.gz
[2025-04-22T10:13:31.315+0000] {logging_mixin.py:154} INFO - [ERROR] Failed to parse raw/day=20240901/000330Z.json.gz: Not a gzipped file (b'{ ')
[2025-04-22T10:13:31.317+0000] {logging_mixin.py:154} INFO - [PROCESS] Reading raw/day=20240901/000335Z.json.gz
[2025-04-22T10:13:38.264+0000] {logging_mixin.py:154} INFO - [ERROR] Failed to parse raw/day=20240901/000335Z.json.gz: Not a gzipped file (b'{ ')
[2025-04-22T10:13:38.267+0000] {logging_mixin.py:154} INFO - [PROCESS] Reading raw/day=20240901/000340Z.json.gz
[2025-04-22T10:13:44.840+0000] {logging_mixin.py:154} INFO - [ERROR] Failed to parse raw/day=20240901/000340Z.json.gz: Not a gzipped file (b'{ ')
[2025-04-22T10:13:44.843+0000] {logging_mixin.py:154} INFO - [PROCESS] Reading raw/day=20240901/000345Z.json.gz
[2025-04-22T10:13:52.538+0000] {logging_mixin.py:154} INFO - [ERROR] Failed to parse raw/day=20240901/000345Z.json.gz: Not a gzipped file (b'{ ')
[2025-04-22T10:13:52.541+0000] {logging_mixin.py:154} INFO - [PROCESS] Reading raw/day=20240901/000350Z.json.gz
[2025-04-22T10:13:55.256+0000] {logging_mixin.py:154} INFO - [ERROR] Failed to parse raw/day=20240901/000350Z.json.gz: Not a gzipped file (b'{ ')
[2025-04-22T10:13:55.258+0000] {logging_mixin.py:154} INFO - [PROCESS] Reading raw/day=20240901/000355Z.json.gz
[2025-04-22T10:13:58.629+0000] {logging_mixin.py:154} INFO - [ERROR] Failed to parse raw/day=20240901/000355Z.json.gz: Not a gzipped file (b'{ ')
[2025-04-22T10:13:58.631+0000] {logging_mixin.py:154} INFO - [PROCESS] Reading raw/day=20240901/000400Z.json.gz
[2025-04-22T10:14:01.321+0000] {logging_mixin.py:154} INFO - [ERROR] Failed to parse raw/day=20240901/000400Z.json.gz: Not a gzipped file (b'{ ')
[2025-04-22T10:14:01.323+0000] {logging_mixin.py:154} INFO - [PROCESS] Reading raw/day=20240901/000405Z.json.gz
[2025-04-22T10:14:03.998+0000] {logging_mixin.py:154} INFO - [ERROR] Failed to parse raw/day=20240901/000405Z.json.gz: Not a gzipped file (b'{ ')
[2025-04-22T10:14:03.999+0000] {logging_mixin.py:154} INFO - [PROCESS] Reading raw/day=20240901/000410Z.json.gz
[2025-04-22T10:14:10.172+0000] {logging_mixin.py:154} INFO - [ERROR] Failed to parse raw/day=20240901/000410Z.json.gz: Not a gzipped file (b'{ ')
[2025-04-22T10:14:10.188+0000] {logging_mixin.py:154} INFO - [PROCESS] Reading raw/day=20240901/000415Z.json.gz
[2025-04-22T10:14:17.727+0000] {logging_mixin.py:154} INFO - [ERROR] Failed to parse raw/day=20240901/000415Z.json.gz: Not a gzipped file (b'{ ')
[2025-04-22T10:14:17.732+0000] {logging_mixin.py:154} INFO - [PROCESS] Reading raw/day=20240901/000420Z.json.gz
[2025-04-22T10:14:22.738+0000] {logging_mixin.py:154} INFO - [ERROR] Failed to parse raw/day=20240901/000420Z.json.gz: Not a gzipped file (b'{ ')
[2025-04-22T10:14:22.741+0000] {logging_mixin.py:154} INFO - [PROCESS] Reading raw/day=20240901/000425Z.json.gz
[2025-04-22T10:14:27.667+0000] {logging_mixin.py:154} INFO - [ERROR] Failed to parse raw/day=20240901/000425Z.json.gz: Not a gzipped file (b'{ ')
[2025-04-22T10:14:27.669+0000] {logging_mixin.py:154} INFO - [PROCESS] Reading raw/day=20240901/000430Z.json.gz
[2025-04-22T10:14:34.789+0000] {logging_mixin.py:154} INFO - [ERROR] Failed to parse raw/day=20240901/000430Z.json.gz: Not a gzipped file (b'{ ')
[2025-04-22T10:14:34.791+0000] {logging_mixin.py:154} INFO - [PROCESS] Reading raw/day=20240901/000435Z.json.gz
[2025-04-22T10:14:42.809+0000] {logging_mixin.py:154} INFO - [ERROR] Failed to parse raw/day=20240901/000435Z.json.gz: Not a gzipped file (b'{ ')
[2025-04-22T10:14:42.813+0000] {logging_mixin.py:154} INFO - [PROCESS] Reading raw/day=20240901/000440Z.json.gz
[2025-04-22T10:14:51.943+0000] {logging_mixin.py:154} INFO - [ERROR] Failed to parse raw/day=20240901/000440Z.json.gz: Not a gzipped file (b'{ ')
[2025-04-22T10:14:51.947+0000] {logging_mixin.py:154} INFO - [PROCESS] Reading raw/day=20240901/000445Z.json.gz
[2025-04-22T10:15:02.184+0000] {logging_mixin.py:154} INFO - [ERROR] Failed to parse raw/day=20240901/000445Z.json.gz: Not a gzipped file (b'{ ')
[2025-04-22T10:15:02.189+0000] {logging_mixin.py:154} INFO - [PROCESS] Reading raw/day=20240901/000450Z.json.gz
[2025-04-22T10:15:04.485+0000] {logging_mixin.py:154} INFO - [ERROR] Failed to parse raw/day=20240901/000450Z.json.gz: Not a gzipped file (b'{ ')
[2025-04-22T10:15:04.486+0000] {logging_mixin.py:154} INFO - [PROCESS] Reading raw/day=20240901/000455Z.json.gz
[2025-04-22T10:15:06.106+0000] {logging_mixin.py:154} INFO - [ERROR] Failed to parse raw/day=20240901/000455Z.json.gz: Not a gzipped file (b'{ ')
[2025-04-22T10:15:06.107+0000] {logging_mixin.py:154} INFO - [PROCESS] Reading raw/day=20240901/000500Z.json.gz
[2025-04-22T10:15:07.910+0000] {logging_mixin.py:154} INFO - [ERROR] Failed to parse raw/day=20240901/000500Z.json.gz: Not a gzipped file (b'{ ')
[2025-04-22T10:15:07.912+0000] {logging_mixin.py:154} INFO - [PROCESS] Reading raw/day=20240901/000505Z.json.gz
[2025-04-22T10:15:09.405+0000] {logging_mixin.py:154} INFO - [ERROR] Failed to parse raw/day=20240901/000505Z.json.gz: Not a gzipped file (b'{ ')
[2025-04-22T10:15:09.407+0000] {logging_mixin.py:154} INFO - [PROCESS] Reading raw/day=20240901/000510Z.json.gz
[2025-04-22T10:15:10.816+0000] {logging_mixin.py:154} INFO - [ERROR] Failed to parse raw/day=20240901/000510Z.json.gz: Not a gzipped file (b'{ ')
[2025-04-22T10:15:10.817+0000] {logging_mixin.py:154} INFO - [PROCESS] Reading raw/day=20240901/000515Z.json.gz
[2025-04-22T10:15:12.481+0000] {logging_mixin.py:154} INFO - [ERROR] Failed to parse raw/day=20240901/000515Z.json.gz: Not a gzipped file (b'{ ')
[2025-04-22T10:15:12.482+0000] {logging_mixin.py:154} INFO - [PROCESS] Reading raw/day=20240901/000520Z.json.gz
[2025-04-22T10:15:13.945+0000] {logging_mixin.py:154} INFO - [ERROR] Failed to parse raw/day=20240901/000520Z.json.gz: Not a gzipped file (b'{ ')
[2025-04-22T10:15:13.945+0000] {logging_mixin.py:154} INFO - [PROCESS] Reading raw/day=20240901/000525Z.json.gz
[2025-04-22T10:15:15.313+0000] {logging_mixin.py:154} INFO - [ERROR] Failed to parse raw/day=20240901/000525Z.json.gz: Not a gzipped file (b'{ ')
[2025-04-22T10:15:15.315+0000] {logging_mixin.py:154} INFO - [PROCESS] Reading raw/day=20240901/000530Z.json.gz
[2025-04-22T10:15:16.876+0000] {logging_mixin.py:154} INFO - [ERROR] Failed to parse raw/day=20240901/000530Z.json.gz: Not a gzipped file (b'{ ')
[2025-04-22T10:15:16.881+0000] {logging_mixin.py:154} INFO - [PROCESS] Reading raw/day=20240901/000535Z.json.gz
[2025-04-22T10:15:18.489+0000] {logging_mixin.py:154} INFO - [ERROR] Failed to parse raw/day=20240901/000535Z.json.gz: Not a gzipped file (b'{ ')
[2025-04-22T10:15:18.492+0000] {logging_mixin.py:154} INFO - [PROCESS] Reading raw/day=20240901/000540Z.json.gz
[2025-04-22T10:15:20.485+0000] {logging_mixin.py:154} INFO - [ERROR] Failed to parse raw/day=20240901/000540Z.json.gz: Not a gzipped file (b'{ ')
[2025-04-22T10:15:20.488+0000] {logging_mixin.py:154} INFO - [PROCESS] Reading raw/day=20240901/000545Z.json.gz
[2025-04-22T10:15:22.895+0000] {logging_mixin.py:154} INFO - [ERROR] Failed to parse raw/day=20240901/000545Z.json.gz: Not a gzipped file (b'{ ')
[2025-04-22T10:15:22.902+0000] {logging_mixin.py:154} INFO - [PROCESS] Reading raw/day=20240901/000550Z.json.gz
[2025-04-22T10:15:25.175+0000] {logging_mixin.py:154} INFO - [ERROR] Failed to parse raw/day=20240901/000550Z.json.gz: Not a gzipped file (b'{ ')
[2025-04-22T10:15:25.179+0000] {logging_mixin.py:154} INFO - [PROCESS] Reading raw/day=20240901/000555Z.json.gz
[2025-04-22T10:15:27.433+0000] {logging_mixin.py:154} INFO - [ERROR] Failed to parse raw/day=20240901/000555Z.json.gz: Not a gzipped file (b'{ ')
[2025-04-22T10:15:27.434+0000] {logging_mixin.py:154} INFO - [PROCESS] Reading raw/day=20240901/000600Z.json.gz
[2025-04-22T10:15:29.411+0000] {logging_mixin.py:154} INFO - [ERROR] Failed to parse raw/day=20240901/000600Z.json.gz: Not a gzipped file (b'{ ')
[2025-04-22T10:15:29.412+0000] {logging_mixin.py:154} INFO - [PROCESS] Reading raw/day=20240901/000605Z.json.gz
[2025-04-22T10:15:31.620+0000] {logging_mixin.py:154} INFO - [ERROR] Failed to parse raw/day=20240901/000605Z.json.gz: Not a gzipped file (b'{ ')
[2025-04-22T10:15:31.622+0000] {logging_mixin.py:154} INFO - [PROCESS] Reading raw/day=20240901/000610Z.json.gz
[2025-04-22T10:15:33.923+0000] {logging_mixin.py:154} INFO - [ERROR] Failed to parse raw/day=20240901/000610Z.json.gz: Not a gzipped file (b'{ ')
[2025-04-22T10:15:33.925+0000] {logging_mixin.py:154} INFO - [PROCESS] Reading raw/day=20240901/000615Z.json.gz
[2025-04-22T10:15:35.718+0000] {logging_mixin.py:154} INFO - [ERROR] Failed to parse raw/day=20240901/000615Z.json.gz: Not a gzipped file (b'{ ')
[2025-04-22T10:15:35.719+0000] {logging_mixin.py:154} INFO - [PROCESS] Reading raw/day=20240901/000620Z.json.gz
[2025-04-22T10:15:37.303+0000] {logging_mixin.py:154} INFO - [ERROR] Failed to parse raw/day=20240901/000620Z.json.gz: Not a gzipped file (b'{ ')
[2025-04-22T10:15:37.304+0000] {logging_mixin.py:154} INFO - [PROCESS] Reading raw/day=20240901/000625Z.json.gz
[2025-04-22T10:15:39.603+0000] {logging_mixin.py:154} INFO - [ERROR] Failed to parse raw/day=20240901/000625Z.json.gz: Not a gzipped file (b'{ ')
[2025-04-22T10:15:39.606+0000] {logging_mixin.py:154} INFO - [PROCESS] Reading raw/day=20240901/000630Z.json.gz
[2025-04-22T10:15:42.395+0000] {logging_mixin.py:154} INFO - [ERROR] Failed to parse raw/day=20240901/000630Z.json.gz: Not a gzipped file (b'{ ')
[2025-04-22T10:15:42.397+0000] {logging_mixin.py:154} INFO - [PROCESS] Reading raw/day=20240901/000635Z.json.gz
[2025-04-22T10:15:44.437+0000] {logging_mixin.py:154} INFO - [ERROR] Failed to parse raw/day=20240901/000635Z.json.gz: Not a gzipped file (b'{ ')
[2025-04-22T10:15:44.438+0000] {logging_mixin.py:154} INFO - [PROCESS] Reading raw/day=20240901/000640Z.json.gz
[2025-04-22T10:15:49.096+0000] {logging_mixin.py:154} INFO - [ERROR] Failed to parse raw/day=20240901/000640Z.json.gz: Not a gzipped file (b'{ ')
[2025-04-22T10:15:49.102+0000] {logging_mixin.py:154} INFO - [PROCESS] Reading raw/day=20240901/000645Z.json.gz
[2025-04-22T10:15:59.395+0000] {logging_mixin.py:154} INFO - [ERROR] Failed to parse raw/day=20240901/000645Z.json.gz: Not a gzipped file (b'{ ')
[2025-04-22T10:15:59.400+0000] {logging_mixin.py:154} INFO - [PROCESS] Reading raw/day=20240901/000650Z.json.gz
[2025-04-22T10:16:07.511+0000] {logging_mixin.py:154} INFO - [ERROR] Failed to parse raw/day=20240901/000650Z.json.gz: Not a gzipped file (b'{ ')
[2025-04-22T10:16:07.513+0000] {logging_mixin.py:154} INFO - [PROCESS] Reading raw/day=20240901/000655Z.json.gz
[2025-04-22T10:16:21.814+0000] {logging_mixin.py:154} INFO - [ERROR] Failed to parse raw/day=20240901/000655Z.json.gz: Not a gzipped file (b'{ ')
[2025-04-22T10:16:21.818+0000] {logging_mixin.py:154} INFO - [PROCESS] Reading raw/day=20240901/000700Z.json.gz
[2025-04-22T10:16:43.394+0000] {logging_mixin.py:154} INFO - [ERROR] Failed to parse raw/day=20240901/000700Z.json.gz: Not a gzipped file (b'{ ')
[2025-04-22T10:16:43.400+0000] {logging_mixin.py:154} INFO - [PROCESS] Reading raw/day=20240901/000705Z.json.gz
[2025-04-22T10:17:01.284+0000] {logging_mixin.py:154} INFO - [ERROR] Failed to parse raw/day=20240901/000705Z.json.gz: Not a gzipped file (b'{ ')
[2025-04-22T10:17:01.287+0000] {logging_mixin.py:154} INFO - [PROCESS] Reading raw/day=20240901/000710Z.json.gz
[2025-04-22T10:17:22.039+0000] {logging_mixin.py:154} INFO - [ERROR] Failed to parse raw/day=20240901/000710Z.json.gz: Not a gzipped file (b'{ ')
[2025-04-22T10:17:22.047+0000] {logging_mixin.py:154} INFO - [PROCESS] Reading raw/day=20240901/000715Z.json.gz
[2025-04-22T10:17:32.878+0000] {logging_mixin.py:154} INFO - [ERROR] Failed to parse raw/day=20240901/000715Z.json.gz: Not a gzipped file (b'{ ')
[2025-04-22T10:17:32.884+0000] {logging_mixin.py:154} INFO - [PROCESS] Reading raw/day=20240901/000720Z.json.gz
[2025-04-22T10:17:41.246+0000] {logging_mixin.py:154} INFO - [ERROR] Failed to parse raw/day=20240901/000720Z.json.gz: Not a gzipped file (b'{ ')
[2025-04-22T10:17:41.258+0000] {logging_mixin.py:154} INFO - [PROCESS] Reading raw/day=20240901/000725Z.json.gz
[2025-04-22T10:17:48.724+0000] {logging_mixin.py:154} INFO - [ERROR] Failed to parse raw/day=20240901/000725Z.json.gz: Not a gzipped file (b'{ ')
[2025-04-22T10:17:48.728+0000] {logging_mixin.py:154} INFO - [PROCESS] Reading raw/day=20240901/000730Z.json.gz
[2025-04-22T10:17:56.270+0000] {logging_mixin.py:154} INFO - [ERROR] Failed to parse raw/day=20240901/000730Z.json.gz: Not a gzipped file (b'{ ')
[2025-04-22T10:17:56.274+0000] {logging_mixin.py:154} INFO - [PROCESS] Reading raw/day=20240901/000735Z.json.gz
[2025-04-22T10:18:01.724+0000] {logging_mixin.py:154} INFO - [ERROR] Failed to parse raw/day=20240901/000735Z.json.gz: Not a gzipped file (b'{ ')
[2025-04-22T10:18:01.729+0000] {logging_mixin.py:154} INFO - [PROCESS] Reading raw/day=20240901/000740Z.json.gz
[2025-04-22T10:18:06.075+0000] {logging_mixin.py:154} INFO - [ERROR] Failed to parse raw/day=20240901/000740Z.json.gz: Not a gzipped file (b'{ ')
[2025-04-22T10:18:06.077+0000] {logging_mixin.py:154} INFO - [PROCESS] Reading raw/day=20240901/000745Z.json.gz
[2025-04-22T10:18:08.004+0000] {logging_mixin.py:154} INFO - [ERROR] Failed to parse raw/day=20240901/000745Z.json.gz: Not a gzipped file (b'{ ')
[2025-04-22T10:18:08.006+0000] {logging_mixin.py:154} INFO - [PROCESS] Reading raw/day=20240901/000750Z.json.gz
[2025-04-22T10:18:09.432+0000] {logging_mixin.py:154} INFO - [ERROR] Failed to parse raw/day=20240901/000750Z.json.gz: Not a gzipped file (b'{ ')
[2025-04-22T10:18:09.433+0000] {logging_mixin.py:154} INFO - [PROCESS] Reading raw/day=20240901/000755Z.json.gz
[2025-04-22T10:18:12.432+0000] {logging_mixin.py:154} INFO - [ERROR] Failed to parse raw/day=20240901/000755Z.json.gz: Not a gzipped file (b'{ ')
[2025-04-22T10:18:12.438+0000] {logging_mixin.py:154} INFO - [PROCESS] Reading raw/day=20240901/000800Z.json.gz
[2025-04-22T10:18:13.967+0000] {logging_mixin.py:154} INFO - [ERROR] Failed to parse raw/day=20240901/000800Z.json.gz: Not a gzipped file (b'{ ')
[2025-04-22T10:18:13.969+0000] {logging_mixin.py:154} INFO - [PROCESS] Reading raw/day=20240901/000805Z.json.gz
[2025-04-22T10:18:15.412+0000] {logging_mixin.py:154} INFO - [ERROR] Failed to parse raw/day=20240901/000805Z.json.gz: Not a gzipped file (b'{ ')
[2025-04-22T10:18:15.413+0000] {logging_mixin.py:154} INFO - [PROCESS] Reading raw/day=20240901/000810Z.json.gz
[2025-04-22T10:18:16.912+0000] {logging_mixin.py:154} INFO - [ERROR] Failed to parse raw/day=20240901/000810Z.json.gz: Not a gzipped file (b'{ ')
[2025-04-22T10:18:16.913+0000] {logging_mixin.py:154} INFO - [PROCESS] Reading raw/day=20240901/000815Z.json.gz
[2025-04-22T10:18:19.982+0000] {logging_mixin.py:154} INFO - [ERROR] Failed to parse raw/day=20240901/000815Z.json.gz: Not a gzipped file (b'{ ')
[2025-04-22T10:18:19.986+0000] {logging_mixin.py:154} INFO - [DB] Total rows inserted: 0
[2025-04-22T10:18:20.015+0000] {python.py:194} INFO - Done. Returned value was: None
[2025-04-22T10:18:20.078+0000] {taskinstance.py:1400} INFO - Marking task as SUCCESS. dag_id=readsb_hist_dag, task_id=prepare_and_upload_readsb_hist, execution_date=20240901T000000, start_date=20250422T101015, end_date=20250422T101820
[2025-04-22T10:18:20.158+0000] {local_task_job_runner.py:228} INFO - Task exited with return code 0
[2025-04-22T10:18:20.233+0000] {taskinstance.py:2778} INFO - 0 downstream tasks scheduled from follow-on schedule check
