[2025-04-22T10:20:38.453+0000] {taskinstance.py:1159} INFO - Dependencies all met for dep_context=non-requeueable deps ti=<TaskInstance: readsb_hist_dag.download_readsb_hist scheduled__2024-10-01T00:00:00+00:00 [queued]>
[2025-04-22T10:20:38.457+0000] {taskinstance.py:1159} INFO - Dependencies all met for dep_context=requeueable deps ti=<TaskInstance: readsb_hist_dag.download_readsb_hist scheduled__2024-10-01T00:00:00+00:00 [queued]>
[2025-04-22T10:20:38.458+0000] {taskinstance.py:1361} INFO - Starting attempt 1 of 2
[2025-04-22T10:20:38.463+0000] {taskinstance.py:1382} INFO - Executing <Task(PythonOperator): download_readsb_hist> on 2024-10-01 00:00:00+00:00
[2025-04-22T10:20:38.468+0000] {standard_task_runner.py:57} INFO - Started process 944 to run task
[2025-04-22T10:20:38.471+0000] {standard_task_runner.py:84} INFO - Running: ['airflow', 'tasks', 'run', 'readsb_hist_dag', 'download_readsb_hist', 'scheduled__2024-10-01T00:00:00+00:00', '--job-id', '208', '--raw', '--subdir', 'DAGS_FOLDER/readsb_hist_dag.py', '--cfg-path', '/tmp/tmp_yiswea5']
[2025-04-22T10:20:38.472+0000] {standard_task_runner.py:85} INFO - Job 208: Subtask download_readsb_hist
[2025-04-22T10:20:38.540+0000] {task_command.py:416} INFO - Running <TaskInstance: readsb_hist_dag.download_readsb_hist scheduled__2024-10-01T00:00:00+00:00 [running]> on host 4d88e7682171
[2025-04-22T10:20:38.624+0000] {taskinstance.py:1662} INFO - Exporting env vars: AIRFLOW_CTX_DAG_OWNER='airflow' AIRFLOW_CTX_DAG_ID='readsb_hist_dag' AIRFLOW_CTX_TASK_ID='download_readsb_hist' AIRFLOW_CTX_EXECUTION_DATE='2024-10-01T00:00:00+00:00' AIRFLOW_CTX_TRY_NUMBER='1' AIRFLOW_CTX_DAG_RUN_ID='scheduled__2024-10-01T00:00:00+00:00'
[2025-04-22T10:20:38.639+0000] {credentials.py:1124} INFO - Found credentials in environment variables.
[2025-04-22T10:20:52.282+0000] {logging_mixin.py:154} INFO - [FOUND] 17280 files in index.
[2025-04-22T10:20:54.787+0000] {logging_mixin.py:154} INFO - [S3] Uploaded to s3://bdi-aircraft-marioalbz/raw/day=20241001/000000Z.json.gz
[2025-04-22T10:20:55.884+0000] {logging_mixin.py:154} INFO - [S3] Uploaded to s3://bdi-aircraft-marioalbz/raw/day=20241001/000005Z.json.gz
[2025-04-22T10:20:57.930+0000] {logging_mixin.py:154} INFO - [S3] Uploaded to s3://bdi-aircraft-marioalbz/raw/day=20241001/000010Z.json.gz
[2025-04-22T10:20:59.089+0000] {logging_mixin.py:154} INFO - [S3] Uploaded to s3://bdi-aircraft-marioalbz/raw/day=20241001/000015Z.json.gz
[2025-04-22T10:21:01.279+0000] {logging_mixin.py:154} INFO - [S3] Uploaded to s3://bdi-aircraft-marioalbz/raw/day=20241001/000020Z.json.gz
[2025-04-22T10:21:03.582+0000] {logging_mixin.py:154} INFO - [S3] Uploaded to s3://bdi-aircraft-marioalbz/raw/day=20241001/000025Z.json.gz
[2025-04-22T10:21:04.944+0000] {logging_mixin.py:154} INFO - [S3] Uploaded to s3://bdi-aircraft-marioalbz/raw/day=20241001/000030Z.json.gz
[2025-04-22T10:21:06.169+0000] {logging_mixin.py:154} INFO - [S3] Uploaded to s3://bdi-aircraft-marioalbz/raw/day=20241001/000035Z.json.gz
[2025-04-22T10:21:08.530+0000] {logging_mixin.py:154} INFO - [S3] Uploaded to s3://bdi-aircraft-marioalbz/raw/day=20241001/000040Z.json.gz
[2025-04-22T10:21:10.370+0000] {logging_mixin.py:154} INFO - [S3] Uploaded to s3://bdi-aircraft-marioalbz/raw/day=20241001/000045Z.json.gz
[2025-04-22T10:21:11.850+0000] {logging_mixin.py:154} INFO - [S3] Uploaded to s3://bdi-aircraft-marioalbz/raw/day=20241001/000050Z.json.gz
[2025-04-22T10:21:13.268+0000] {logging_mixin.py:154} INFO - [S3] Uploaded to s3://bdi-aircraft-marioalbz/raw/day=20241001/000055Z.json.gz
[2025-04-22T10:21:15.141+0000] {logging_mixin.py:154} INFO - [S3] Uploaded to s3://bdi-aircraft-marioalbz/raw/day=20241001/000100Z.json.gz
[2025-04-22T10:21:17.170+0000] {logging_mixin.py:154} INFO - [S3] Uploaded to s3://bdi-aircraft-marioalbz/raw/day=20241001/000105Z.json.gz
[2025-04-22T10:21:18.558+0000] {logging_mixin.py:154} INFO - [S3] Uploaded to s3://bdi-aircraft-marioalbz/raw/day=20241001/000110Z.json.gz
[2025-04-22T10:21:19.977+0000] {logging_mixin.py:154} INFO - [S3] Uploaded to s3://bdi-aircraft-marioalbz/raw/day=20241001/000115Z.json.gz
[2025-04-22T10:21:21.443+0000] {logging_mixin.py:154} INFO - [S3] Uploaded to s3://bdi-aircraft-marioalbz/raw/day=20241001/000120Z.json.gz
[2025-04-22T10:21:24.458+0000] {logging_mixin.py:154} INFO - [S3] Uploaded to s3://bdi-aircraft-marioalbz/raw/day=20241001/000125Z.json.gz
[2025-04-22T10:21:26.301+0000] {logging_mixin.py:154} INFO - [S3] Uploaded to s3://bdi-aircraft-marioalbz/raw/day=20241001/000130Z.json.gz
[2025-04-22T10:21:28.466+0000] {logging_mixin.py:154} INFO - [S3] Uploaded to s3://bdi-aircraft-marioalbz/raw/day=20241001/000135Z.json.gz
[2025-04-22T10:21:29.577+0000] {logging_mixin.py:154} INFO - [S3] Uploaded to s3://bdi-aircraft-marioalbz/raw/day=20241001/000140Z.json.gz
[2025-04-22T10:21:32.213+0000] {logging_mixin.py:154} INFO - [S3] Uploaded to s3://bdi-aircraft-marioalbz/raw/day=20241001/000145Z.json.gz
[2025-04-22T10:21:34.249+0000] {logging_mixin.py:154} INFO - [S3] Uploaded to s3://bdi-aircraft-marioalbz/raw/day=20241001/000150Z.json.gz
[2025-04-22T10:21:36.365+0000] {logging_mixin.py:154} INFO - [S3] Uploaded to s3://bdi-aircraft-marioalbz/raw/day=20241001/000155Z.json.gz
[2025-04-22T10:21:39.630+0000] {logging_mixin.py:154} INFO - [S3] Uploaded to s3://bdi-aircraft-marioalbz/raw/day=20241001/000200Z.json.gz
[2025-04-22T10:21:41.859+0000] {logging_mixin.py:154} INFO - [S3] Uploaded to s3://bdi-aircraft-marioalbz/raw/day=20241001/000205Z.json.gz
[2025-04-22T10:21:42.987+0000] {logging_mixin.py:154} INFO - [S3] Uploaded to s3://bdi-aircraft-marioalbz/raw/day=20241001/000210Z.json.gz
[2025-04-22T10:21:45.004+0000] {logging_mixin.py:154} INFO - [S3] Uploaded to s3://bdi-aircraft-marioalbz/raw/day=20241001/000215Z.json.gz
[2025-04-22T10:21:47.754+0000] {logging_mixin.py:154} INFO - [S3] Uploaded to s3://bdi-aircraft-marioalbz/raw/day=20241001/000220Z.json.gz
[2025-04-22T10:21:48.984+0000] {logging_mixin.py:154} INFO - [S3] Uploaded to s3://bdi-aircraft-marioalbz/raw/day=20241001/000225Z.json.gz
[2025-04-22T10:21:51.186+0000] {logging_mixin.py:154} INFO - [S3] Uploaded to s3://bdi-aircraft-marioalbz/raw/day=20241001/000230Z.json.gz
[2025-04-22T10:21:52.419+0000] {logging_mixin.py:154} INFO - [S3] Uploaded to s3://bdi-aircraft-marioalbz/raw/day=20241001/000235Z.json.gz
[2025-04-22T10:21:54.753+0000] {logging_mixin.py:154} INFO - [S3] Uploaded to s3://bdi-aircraft-marioalbz/raw/day=20241001/000240Z.json.gz
[2025-04-22T10:21:55.882+0000] {logging_mixin.py:154} INFO - [S3] Uploaded to s3://bdi-aircraft-marioalbz/raw/day=20241001/000245Z.json.gz
[2025-04-22T10:21:57.666+0000] {logging_mixin.py:154} INFO - [S3] Uploaded to s3://bdi-aircraft-marioalbz/raw/day=20241001/000250Z.json.gz
[2025-04-22T10:21:59.844+0000] {logging_mixin.py:154} INFO - [S3] Uploaded to s3://bdi-aircraft-marioalbz/raw/day=20241001/000255Z.json.gz
[2025-04-22T10:22:02.936+0000] {logging_mixin.py:154} INFO - [S3] Uploaded to s3://bdi-aircraft-marioalbz/raw/day=20241001/000300Z.json.gz
[2025-04-22T10:22:04.424+0000] {logging_mixin.py:154} INFO - [S3] Uploaded to s3://bdi-aircraft-marioalbz/raw/day=20241001/000305Z.json.gz
[2025-04-22T10:22:06.238+0000] {logging_mixin.py:154} INFO - [S3] Uploaded to s3://bdi-aircraft-marioalbz/raw/day=20241001/000310Z.json.gz
[2025-04-22T10:22:08.269+0000] {logging_mixin.py:154} INFO - [S3] Uploaded to s3://bdi-aircraft-marioalbz/raw/day=20241001/000315Z.json.gz
[2025-04-22T10:22:10.098+0000] {logging_mixin.py:154} INFO - [S3] Uploaded to s3://bdi-aircraft-marioalbz/raw/day=20241001/000320Z.json.gz
[2025-04-22T10:22:12.183+0000] {logging_mixin.py:154} INFO - [S3] Uploaded to s3://bdi-aircraft-marioalbz/raw/day=20241001/000325Z.json.gz
[2025-04-22T10:22:14.316+0000] {logging_mixin.py:154} INFO - [S3] Uploaded to s3://bdi-aircraft-marioalbz/raw/day=20241001/000330Z.json.gz
[2025-04-22T10:22:18.323+0000] {logging_mixin.py:154} INFO - [S3] Uploaded to s3://bdi-aircraft-marioalbz/raw/day=20241001/000335Z.json.gz
[2025-04-22T10:22:19.626+0000] {logging_mixin.py:154} INFO - [S3] Uploaded to s3://bdi-aircraft-marioalbz/raw/day=20241001/000340Z.json.gz
[2025-04-22T10:22:21.922+0000] {logging_mixin.py:154} INFO - [S3] Uploaded to s3://bdi-aircraft-marioalbz/raw/day=20241001/000345Z.json.gz
[2025-04-22T10:22:25.292+0000] {logging_mixin.py:154} INFO - [S3] Uploaded to s3://bdi-aircraft-marioalbz/raw/day=20241001/000350Z.json.gz
[2025-04-22T10:22:26.510+0000] {logging_mixin.py:154} INFO - [S3] Uploaded to s3://bdi-aircraft-marioalbz/raw/day=20241001/000355Z.json.gz
[2025-04-22T10:22:28.313+0000] {logging_mixin.py:154} INFO - [S3] Uploaded to s3://bdi-aircraft-marioalbz/raw/day=20241001/000400Z.json.gz
[2025-04-22T10:22:30.333+0000] {logging_mixin.py:154} INFO - [S3] Uploaded to s3://bdi-aircraft-marioalbz/raw/day=20241001/000405Z.json.gz
[2025-04-22T10:22:33.466+0000] {logging_mixin.py:154} INFO - [S3] Uploaded to s3://bdi-aircraft-marioalbz/raw/day=20241001/000410Z.json.gz
[2025-04-22T10:22:35.491+0000] {logging_mixin.py:154} INFO - [S3] Uploaded to s3://bdi-aircraft-marioalbz/raw/day=20241001/000415Z.json.gz
[2025-04-22T10:22:37.351+0000] {logging_mixin.py:154} INFO - [S3] Uploaded to s3://bdi-aircraft-marioalbz/raw/day=20241001/000420Z.json.gz
[2025-04-22T10:22:41.004+0000] {logging_mixin.py:154} INFO - [S3] Uploaded to s3://bdi-aircraft-marioalbz/raw/day=20241001/000425Z.json.gz
[2025-04-22T10:22:43.143+0000] {logging_mixin.py:154} INFO - [S3] Uploaded to s3://bdi-aircraft-marioalbz/raw/day=20241001/000430Z.json.gz
[2025-04-22T10:22:44.470+0000] {logging_mixin.py:154} INFO - [S3] Uploaded to s3://bdi-aircraft-marioalbz/raw/day=20241001/000435Z.json.gz
[2025-04-22T10:22:45.665+0000] {logging_mixin.py:154} INFO - [S3] Uploaded to s3://bdi-aircraft-marioalbz/raw/day=20241001/000440Z.json.gz
[2025-04-22T10:22:48.683+0000] {logging_mixin.py:154} INFO - [S3] Uploaded to s3://bdi-aircraft-marioalbz/raw/day=20241001/000445Z.json.gz
[2025-04-22T10:22:50.817+0000] {logging_mixin.py:154} INFO - [S3] Uploaded to s3://bdi-aircraft-marioalbz/raw/day=20241001/000450Z.json.gz
[2025-04-22T10:22:52.080+0000] {logging_mixin.py:154} INFO - [S3] Uploaded to s3://bdi-aircraft-marioalbz/raw/day=20241001/000455Z.json.gz
[2025-04-22T10:22:53.317+0000] {logging_mixin.py:154} INFO - [S3] Uploaded to s3://bdi-aircraft-marioalbz/raw/day=20241001/000500Z.json.gz
[2025-04-22T10:22:56.285+0000] {logging_mixin.py:154} INFO - [S3] Uploaded to s3://bdi-aircraft-marioalbz/raw/day=20241001/000505Z.json.gz
[2025-04-22T10:22:58.193+0000] {logging_mixin.py:154} INFO - [S3] Uploaded to s3://bdi-aircraft-marioalbz/raw/day=20241001/000510Z.json.gz
[2025-04-22T10:23:00.372+0000] {logging_mixin.py:154} INFO - [S3] Uploaded to s3://bdi-aircraft-marioalbz/raw/day=20241001/000515Z.json.gz
[2025-04-22T10:23:02.059+0000] {logging_mixin.py:154} INFO - [S3] Uploaded to s3://bdi-aircraft-marioalbz/raw/day=20241001/000520Z.json.gz
[2025-04-22T10:23:04.222+0000] {logging_mixin.py:154} INFO - [S3] Uploaded to s3://bdi-aircraft-marioalbz/raw/day=20241001/000525Z.json.gz
[2025-04-22T10:23:06.285+0000] {logging_mixin.py:154} INFO - [S3] Uploaded to s3://bdi-aircraft-marioalbz/raw/day=20241001/000530Z.json.gz
[2025-04-22T10:23:07.402+0000] {logging_mixin.py:154} INFO - [S3] Uploaded to s3://bdi-aircraft-marioalbz/raw/day=20241001/000535Z.json.gz
[2025-04-22T10:23:09.317+0000] {logging_mixin.py:154} INFO - [S3] Uploaded to s3://bdi-aircraft-marioalbz/raw/day=20241001/000540Z.json.gz
[2025-04-22T10:23:12.014+0000] {logging_mixin.py:154} INFO - [S3] Uploaded to s3://bdi-aircraft-marioalbz/raw/day=20241001/000545Z.json.gz
[2025-04-22T10:23:13.292+0000] {logging_mixin.py:154} INFO - [S3] Uploaded to s3://bdi-aircraft-marioalbz/raw/day=20241001/000550Z.json.gz
[2025-04-22T10:23:14.723+0000] {logging_mixin.py:154} INFO - [S3] Uploaded to s3://bdi-aircraft-marioalbz/raw/day=20241001/000555Z.json.gz
[2025-04-22T10:23:15.911+0000] {logging_mixin.py:154} INFO - [S3] Uploaded to s3://bdi-aircraft-marioalbz/raw/day=20241001/000600Z.json.gz
[2025-04-22T10:23:17.172+0000] {logging_mixin.py:154} INFO - [S3] Uploaded to s3://bdi-aircraft-marioalbz/raw/day=20241001/000605Z.json.gz
[2025-04-22T10:23:19.965+0000] {logging_mixin.py:154} INFO - [S3] Uploaded to s3://bdi-aircraft-marioalbz/raw/day=20241001/000610Z.json.gz
[2025-04-22T10:23:21.212+0000] {logging_mixin.py:154} INFO - [S3] Uploaded to s3://bdi-aircraft-marioalbz/raw/day=20241001/000615Z.json.gz
[2025-04-22T10:23:22.458+0000] {logging_mixin.py:154} INFO - [S3] Uploaded to s3://bdi-aircraft-marioalbz/raw/day=20241001/000620Z.json.gz
[2025-04-22T10:23:23.713+0000] {logging_mixin.py:154} INFO - [S3] Uploaded to s3://bdi-aircraft-marioalbz/raw/day=20241001/000625Z.json.gz
[2025-04-22T10:23:24.968+0000] {logging_mixin.py:154} INFO - [S3] Uploaded to s3://bdi-aircraft-marioalbz/raw/day=20241001/000630Z.json.gz
[2025-04-22T10:23:27.457+0000] {logging_mixin.py:154} INFO - [S3] Uploaded to s3://bdi-aircraft-marioalbz/raw/day=20241001/000635Z.json.gz
[2025-04-22T10:23:29.383+0000] {logging_mixin.py:154} INFO - [S3] Uploaded to s3://bdi-aircraft-marioalbz/raw/day=20241001/000640Z.json.gz
[2025-04-22T10:23:31.629+0000] {logging_mixin.py:154} INFO - [S3] Uploaded to s3://bdi-aircraft-marioalbz/raw/day=20241001/000645Z.json.gz
[2025-04-22T10:23:33.575+0000] {logging_mixin.py:154} INFO - [S3] Uploaded to s3://bdi-aircraft-marioalbz/raw/day=20241001/000650Z.json.gz
[2025-04-22T10:23:36.152+0000] {logging_mixin.py:154} INFO - [S3] Uploaded to s3://bdi-aircraft-marioalbz/raw/day=20241001/000655Z.json.gz
[2025-04-22T10:23:37.715+0000] {logging_mixin.py:154} INFO - [S3] Uploaded to s3://bdi-aircraft-marioalbz/raw/day=20241001/000700Z.json.gz
[2025-04-22T10:23:39.173+0000] {logging_mixin.py:154} INFO - [S3] Uploaded to s3://bdi-aircraft-marioalbz/raw/day=20241001/000705Z.json.gz
[2025-04-22T10:23:40.432+0000] {logging_mixin.py:154} INFO - [S3] Uploaded to s3://bdi-aircraft-marioalbz/raw/day=20241001/000710Z.json.gz
[2025-04-22T10:23:42.869+0000] {logging_mixin.py:154} INFO - [S3] Uploaded to s3://bdi-aircraft-marioalbz/raw/day=20241001/000715Z.json.gz
[2025-04-22T10:23:44.440+0000] {logging_mixin.py:154} INFO - [S3] Uploaded to s3://bdi-aircraft-marioalbz/raw/day=20241001/000720Z.json.gz
[2025-04-22T10:23:45.776+0000] {logging_mixin.py:154} INFO - [S3] Uploaded to s3://bdi-aircraft-marioalbz/raw/day=20241001/000725Z.json.gz
[2025-04-22T10:23:47.134+0000] {logging_mixin.py:154} INFO - [S3] Uploaded to s3://bdi-aircraft-marioalbz/raw/day=20241001/000730Z.json.gz
[2025-04-22T10:23:49.087+0000] {logging_mixin.py:154} INFO - [S3] Uploaded to s3://bdi-aircraft-marioalbz/raw/day=20241001/000735Z.json.gz
[2025-04-22T10:23:50.526+0000] {logging_mixin.py:154} INFO - [S3] Uploaded to s3://bdi-aircraft-marioalbz/raw/day=20241001/000740Z.json.gz
[2025-04-22T10:23:52.761+0000] {logging_mixin.py:154} INFO - [S3] Uploaded to s3://bdi-aircraft-marioalbz/raw/day=20241001/000745Z.json.gz
[2025-04-22T10:23:54.188+0000] {logging_mixin.py:154} INFO - [S3] Uploaded to s3://bdi-aircraft-marioalbz/raw/day=20241001/000750Z.json.gz
[2025-04-22T10:23:58.010+0000] {logging_mixin.py:154} INFO - [S3] Uploaded to s3://bdi-aircraft-marioalbz/raw/day=20241001/000755Z.json.gz
[2025-04-22T10:24:00.799+0000] {logging_mixin.py:154} INFO - [S3] Uploaded to s3://bdi-aircraft-marioalbz/raw/day=20241001/000800Z.json.gz
[2025-04-22T10:24:02.060+0000] {logging_mixin.py:154} INFO - [S3] Uploaded to s3://bdi-aircraft-marioalbz/raw/day=20241001/000805Z.json.gz
[2025-04-22T10:24:03.376+0000] {logging_mixin.py:154} INFO - [S3] Uploaded to s3://bdi-aircraft-marioalbz/raw/day=20241001/000810Z.json.gz
[2025-04-22T10:24:05.673+0000] {logging_mixin.py:154} INFO - [S3] Uploaded to s3://bdi-aircraft-marioalbz/raw/day=20241001/000815Z.json.gz
[2025-04-22T10:24:05.833+0000] {python.py:194} INFO - Done. Returned value was: None
[2025-04-22T10:24:05.878+0000] {taskinstance.py:1400} INFO - Marking task as SUCCESS. dag_id=readsb_hist_dag, task_id=download_readsb_hist, execution_date=20241001T000000, start_date=20250422T102038, end_date=20250422T102405
[2025-04-22T10:24:05.931+0000] {local_task_job_runner.py:228} INFO - Task exited with return code 0
[2025-04-22T10:24:05.987+0000] {taskinstance.py:2778} INFO - 1 downstream tasks scheduled from follow-on schedule check
