[2025-04-22T10:45:21.847+0000] {taskinstance.py:1159} INFO - Dependencies all met for dep_context=non-requeueable deps ti=<TaskInstance: readsb_hist_dag.prepare_and_upload_readsb_hist scheduled__2024-11-01T00:00:00+00:00 [queued]>
[2025-04-22T10:45:21.852+0000] {taskinstance.py:1159} INFO - Dependencies all met for dep_context=requeueable deps ti=<TaskInstance: readsb_hist_dag.prepare_and_upload_readsb_hist scheduled__2024-11-01T00:00:00+00:00 [queued]>
[2025-04-22T10:45:21.852+0000] {taskinstance.py:1361} INFO - Starting attempt 1 of 2
[2025-04-22T10:45:21.858+0000] {taskinstance.py:1382} INFO - Executing <Task(PythonOperator): prepare_and_upload_readsb_hist> on 2024-11-01 00:00:00+00:00
[2025-04-22T10:45:21.861+0000] {standard_task_runner.py:57} INFO - Started process 1548 to run task
[2025-04-22T10:45:21.865+0000] {standard_task_runner.py:84} INFO - Running: ['airflow', 'tasks', 'run', 'readsb_hist_dag', 'prepare_and_upload_readsb_hist', 'scheduled__2024-11-01T00:00:00+00:00', '--job-id', '213', '--raw', '--subdir', 'DAGS_FOLDER/readsb_hist_dag.py', '--cfg-path', '/tmp/tmpdq5d9ypi']
[2025-04-22T10:45:21.866+0000] {standard_task_runner.py:85} INFO - Job 213: Subtask prepare_and_upload_readsb_hist
[2025-04-22T10:45:21.956+0000] {task_command.py:416} INFO - Running <TaskInstance: readsb_hist_dag.prepare_and_upload_readsb_hist scheduled__2024-11-01T00:00:00+00:00 [running]> on host 4d88e7682171
[2025-04-22T10:45:22.094+0000] {taskinstance.py:1662} INFO - Exporting env vars: AIRFLOW_CTX_DAG_OWNER='airflow' AIRFLOW_CTX_DAG_ID='readsb_hist_dag' AIRFLOW_CTX_TASK_ID='prepare_and_upload_readsb_hist' AIRFLOW_CTX_EXECUTION_DATE='2024-11-01T00:00:00+00:00' AIRFLOW_CTX_TRY_NUMBER='1' AIRFLOW_CTX_DAG_RUN_ID='scheduled__2024-11-01T00:00:00+00:00'
[2025-04-22T10:45:22.119+0000] {credentials.py:1124} INFO - Found credentials in environment variables.
[2025-04-22T10:45:22.744+0000] {logging_mixin.py:154} INFO - [PROCESS] Reading raw/day=20241101/000000Z.json.gz
[2025-04-22T10:45:24.767+0000] {logging_mixin.py:154} INFO - [ERROR] Failed to parse raw/day=20241101/000000Z.json.gz: Not a gzipped file (b'{ ')
[2025-04-22T10:45:24.771+0000] {logging_mixin.py:154} INFO - [PROCESS] Reading raw/day=20241101/000005Z.json.gz
[2025-04-22T10:45:26.396+0000] {logging_mixin.py:154} INFO - [ERROR] Failed to parse raw/day=20241101/000005Z.json.gz: Not a gzipped file (b'{ ')
[2025-04-22T10:45:26.396+0000] {logging_mixin.py:154} INFO - [PROCESS] Reading raw/day=20241101/000010Z.json.gz
[2025-04-22T10:45:28.699+0000] {logging_mixin.py:154} INFO - [ERROR] Failed to parse raw/day=20241101/000010Z.json.gz: Not a gzipped file (b'{ ')
[2025-04-22T10:45:28.701+0000] {logging_mixin.py:154} INFO - [PROCESS] Reading raw/day=20241101/000015Z.json.gz
[2025-04-22T10:45:30.177+0000] {logging_mixin.py:154} INFO - [ERROR] Failed to parse raw/day=20241101/000015Z.json.gz: Not a gzipped file (b'{ ')
[2025-04-22T10:45:30.179+0000] {logging_mixin.py:154} INFO - [PROCESS] Reading raw/day=20241101/000020Z.json.gz
[2025-04-22T10:45:32.223+0000] {logging_mixin.py:154} INFO - [ERROR] Failed to parse raw/day=20241101/000020Z.json.gz: Not a gzipped file (b'{ ')
[2025-04-22T10:45:32.225+0000] {logging_mixin.py:154} INFO - [PROCESS] Reading raw/day=20241101/000025Z.json.gz
[2025-04-22T10:45:34.382+0000] {logging_mixin.py:154} INFO - [ERROR] Failed to parse raw/day=20241101/000025Z.json.gz: Not a gzipped file (b'{ ')
[2025-04-22T10:45:34.383+0000] {logging_mixin.py:154} INFO - [PROCESS] Reading raw/day=20241101/000030Z.json.gz
[2025-04-22T10:45:36.866+0000] {logging_mixin.py:154} INFO - [ERROR] Failed to parse raw/day=20241101/000030Z.json.gz: Not a gzipped file (b'{ ')
[2025-04-22T10:45:36.867+0000] {logging_mixin.py:154} INFO - [PROCESS] Reading raw/day=20241101/000035Z.json.gz
[2025-04-22T10:45:41.399+0000] {logging_mixin.py:154} INFO - [ERROR] Failed to parse raw/day=20241101/000035Z.json.gz: Not a gzipped file (b'{ ')
[2025-04-22T10:45:41.401+0000] {logging_mixin.py:154} INFO - [PROCESS] Reading raw/day=20241101/000040Z.json.gz
[2025-04-22T10:45:49.011+0000] {logging_mixin.py:154} INFO - [ERROR] Failed to parse raw/day=20241101/000040Z.json.gz: Not a gzipped file (b'{ ')
[2025-04-22T10:45:49.016+0000] {logging_mixin.py:154} INFO - [PROCESS] Reading raw/day=20241101/000045Z.json.gz
[2025-04-22T10:45:54.827+0000] {logging_mixin.py:154} INFO - [ERROR] Failed to parse raw/day=20241101/000045Z.json.gz: Not a gzipped file (b'{ ')
[2025-04-22T10:45:54.829+0000] {logging_mixin.py:154} INFO - [PROCESS] Reading raw/day=20241101/000050Z.json.gz
[2025-04-22T10:45:58.873+0000] {logging_mixin.py:154} INFO - [ERROR] Failed to parse raw/day=20241101/000050Z.json.gz: Not a gzipped file (b'{ ')
[2025-04-22T10:45:58.875+0000] {logging_mixin.py:154} INFO - [PROCESS] Reading raw/day=20241101/000055Z.json.gz
[2025-04-22T10:46:01.875+0000] {logging_mixin.py:154} INFO - [ERROR] Failed to parse raw/day=20241101/000055Z.json.gz: Not a gzipped file (b'{ ')
[2025-04-22T10:46:01.877+0000] {logging_mixin.py:154} INFO - [PROCESS] Reading raw/day=20241101/000100Z.json.gz
[2025-04-22T10:46:07.298+0000] {logging_mixin.py:154} INFO - [ERROR] Failed to parse raw/day=20241101/000100Z.json.gz: Not a gzipped file (b'{ ')
[2025-04-22T10:46:07.300+0000] {logging_mixin.py:154} INFO - [PROCESS] Reading raw/day=20241101/000105Z.json.gz
[2025-04-22T10:46:15.335+0000] {logging_mixin.py:154} INFO - [ERROR] Failed to parse raw/day=20241101/000105Z.json.gz: Not a gzipped file (b'{ ')
[2025-04-22T10:46:15.339+0000] {logging_mixin.py:154} INFO - [PROCESS] Reading raw/day=20241101/000110Z.json.gz
[2025-04-22T10:46:22.015+0000] {logging_mixin.py:154} INFO - [ERROR] Failed to parse raw/day=20241101/000110Z.json.gz: Not a gzipped file (b'{ ')
[2025-04-22T10:46:22.017+0000] {logging_mixin.py:154} INFO - [PROCESS] Reading raw/day=20241101/000115Z.json.gz
[2025-04-22T10:46:28.223+0000] {logging_mixin.py:154} INFO - [ERROR] Failed to parse raw/day=20241101/000115Z.json.gz: Not a gzipped file (b'{ ')
[2025-04-22T10:46:28.225+0000] {logging_mixin.py:154} INFO - [PROCESS] Reading raw/day=20241101/000120Z.json.gz
[2025-04-22T10:46:32.799+0000] {logging_mixin.py:154} INFO - [ERROR] Failed to parse raw/day=20241101/000120Z.json.gz: Not a gzipped file (b'{ ')
[2025-04-22T10:46:32.801+0000] {logging_mixin.py:154} INFO - [PROCESS] Reading raw/day=20241101/000125Z.json.gz
[2025-04-22T10:46:39.147+0000] {logging_mixin.py:154} INFO - [ERROR] Failed to parse raw/day=20241101/000125Z.json.gz: Not a gzipped file (b'{ ')
[2025-04-22T10:46:39.150+0000] {logging_mixin.py:154} INFO - [PROCESS] Reading raw/day=20241101/000130Z.json.gz
[2025-04-22T10:46:43.740+0000] {logging_mixin.py:154} INFO - [ERROR] Failed to parse raw/day=20241101/000130Z.json.gz: Not a gzipped file (b'{ ')
[2025-04-22T10:46:43.742+0000] {logging_mixin.py:154} INFO - [PROCESS] Reading raw/day=20241101/000135Z.json.gz
[2025-04-22T10:46:50.298+0000] {logging_mixin.py:154} INFO - [ERROR] Failed to parse raw/day=20241101/000135Z.json.gz: Not a gzipped file (b'{ ')
[2025-04-22T10:46:50.300+0000] {logging_mixin.py:154} INFO - [PROCESS] Reading raw/day=20241101/000140Z.json.gz
[2025-04-22T10:46:58.052+0000] {logging_mixin.py:154} INFO - [ERROR] Failed to parse raw/day=20241101/000140Z.json.gz: Not a gzipped file (b'{ ')
[2025-04-22T10:46:58.053+0000] {logging_mixin.py:154} INFO - [PROCESS] Reading raw/day=20241101/000145Z.json.gz
[2025-04-22T10:47:00.767+0000] {logging_mixin.py:154} INFO - [ERROR] Failed to parse raw/day=20241101/000145Z.json.gz: Not a gzipped file (b'{ ')
[2025-04-22T10:47:00.770+0000] {logging_mixin.py:154} INFO - [PROCESS] Reading raw/day=20241101/000150Z.json.gz
[2025-04-22T10:47:02.871+0000] {logging_mixin.py:154} INFO - [ERROR] Failed to parse raw/day=20241101/000150Z.json.gz: Not a gzipped file (b'{ ')
[2025-04-22T10:47:02.872+0000] {logging_mixin.py:154} INFO - [PROCESS] Reading raw/day=20241101/000155Z.json.gz
[2025-04-22T10:47:04.996+0000] {logging_mixin.py:154} INFO - [ERROR] Failed to parse raw/day=20241101/000155Z.json.gz: Not a gzipped file (b'{ ')
[2025-04-22T10:47:04.997+0000] {logging_mixin.py:154} INFO - [PROCESS] Reading raw/day=20241101/000200Z.json.gz
[2025-04-22T10:47:06.740+0000] {logging_mixin.py:154} INFO - [ERROR] Failed to parse raw/day=20241101/000200Z.json.gz: Not a gzipped file (b'{ ')
[2025-04-22T10:47:06.741+0000] {logging_mixin.py:154} INFO - [PROCESS] Reading raw/day=20241101/000205Z.json.gz
[2025-04-22T10:47:08.884+0000] {logging_mixin.py:154} INFO - [ERROR] Failed to parse raw/day=20241101/000205Z.json.gz: Not a gzipped file (b'{ ')
[2025-04-22T10:47:08.885+0000] {logging_mixin.py:154} INFO - [PROCESS] Reading raw/day=20241101/000210Z.json.gz
[2025-04-22T10:47:10.601+0000] {logging_mixin.py:154} INFO - [ERROR] Failed to parse raw/day=20241101/000210Z.json.gz: Not a gzipped file (b'{ ')
[2025-04-22T10:47:10.605+0000] {logging_mixin.py:154} INFO - [PROCESS] Reading raw/day=20241101/000215Z.json.gz
[2025-04-22T10:47:12.555+0000] {logging_mixin.py:154} INFO - [ERROR] Failed to parse raw/day=20241101/000215Z.json.gz: Not a gzipped file (b'{ ')
[2025-04-22T10:47:12.556+0000] {logging_mixin.py:154} INFO - [PROCESS] Reading raw/day=20241101/000220Z.json.gz
[2025-04-22T10:47:14.837+0000] {logging_mixin.py:154} INFO - [ERROR] Failed to parse raw/day=20241101/000220Z.json.gz: Not a gzipped file (b'{ ')
[2025-04-22T10:47:14.839+0000] {logging_mixin.py:154} INFO - [PROCESS] Reading raw/day=20241101/000225Z.json.gz
[2025-04-22T10:47:16.638+0000] {logging_mixin.py:154} INFO - [ERROR] Failed to parse raw/day=20241101/000225Z.json.gz: Not a gzipped file (b'{ ')
[2025-04-22T10:47:16.639+0000] {logging_mixin.py:154} INFO - [PROCESS] Reading raw/day=20241101/000230Z.json.gz
[2025-04-22T10:47:18.491+0000] {logging_mixin.py:154} INFO - [ERROR] Failed to parse raw/day=20241101/000230Z.json.gz: Not a gzipped file (b'{ ')
[2025-04-22T10:47:18.491+0000] {logging_mixin.py:154} INFO - [PROCESS] Reading raw/day=20241101/000235Z.json.gz
[2025-04-22T10:47:20.997+0000] {logging_mixin.py:154} INFO - [ERROR] Failed to parse raw/day=20241101/000235Z.json.gz: Not a gzipped file (b'{ ')
[2025-04-22T10:47:20.998+0000] {logging_mixin.py:154} INFO - [PROCESS] Reading raw/day=20241101/000240Z.json.gz
[2025-04-22T10:47:23.265+0000] {logging_mixin.py:154} INFO - [ERROR] Failed to parse raw/day=20241101/000240Z.json.gz: Not a gzipped file (b'{ ')
[2025-04-22T10:47:23.266+0000] {logging_mixin.py:154} INFO - [PROCESS] Reading raw/day=20241101/000245Z.json.gz
[2025-04-22T10:47:25.632+0000] {logging_mixin.py:154} INFO - [ERROR] Failed to parse raw/day=20241101/000245Z.json.gz: Not a gzipped file (b'{ ')
[2025-04-22T10:47:25.634+0000] {logging_mixin.py:154} INFO - [PROCESS] Reading raw/day=20241101/000250Z.json.gz
[2025-04-22T10:47:28.233+0000] {logging_mixin.py:154} INFO - [ERROR] Failed to parse raw/day=20241101/000250Z.json.gz: Not a gzipped file (b'{ ')
[2025-04-22T10:47:28.233+0000] {logging_mixin.py:154} INFO - [PROCESS] Reading raw/day=20241101/000255Z.json.gz
[2025-04-22T10:47:31.041+0000] {logging_mixin.py:154} INFO - [ERROR] Failed to parse raw/day=20241101/000255Z.json.gz: Not a gzipped file (b'{ ')
[2025-04-22T10:47:31.043+0000] {logging_mixin.py:154} INFO - [PROCESS] Reading raw/day=20241101/000300Z.json.gz
[2025-04-22T10:47:36.109+0000] {logging_mixin.py:154} INFO - [ERROR] Failed to parse raw/day=20241101/000300Z.json.gz: Not a gzipped file (b'{ ')
[2025-04-22T10:47:36.111+0000] {logging_mixin.py:154} INFO - [PROCESS] Reading raw/day=20241101/000305Z.json.gz
[2025-04-22T10:47:46.169+0000] {logging_mixin.py:154} INFO - [ERROR] Failed to parse raw/day=20241101/000305Z.json.gz: Not a gzipped file (b'{ ')
[2025-04-22T10:47:46.176+0000] {logging_mixin.py:154} INFO - [PROCESS] Reading raw/day=20241101/000310Z.json.gz
[2025-04-22T10:47:48.870+0000] {logging_mixin.py:154} INFO - [ERROR] Failed to parse raw/day=20241101/000310Z.json.gz: Not a gzipped file (b'{ ')
[2025-04-22T10:47:48.871+0000] {logging_mixin.py:154} INFO - [PROCESS] Reading raw/day=20241101/000315Z.json.gz
[2025-04-22T10:47:50.508+0000] {logging_mixin.py:154} INFO - [ERROR] Failed to parse raw/day=20241101/000315Z.json.gz: Not a gzipped file (b'{ ')
[2025-04-22T10:47:50.510+0000] {logging_mixin.py:154} INFO - [PROCESS] Reading raw/day=20241101/000320Z.json.gz
[2025-04-22T10:47:52.034+0000] {logging_mixin.py:154} INFO - [ERROR] Failed to parse raw/day=20241101/000320Z.json.gz: Not a gzipped file (b'{ ')
[2025-04-22T10:47:52.035+0000] {logging_mixin.py:154} INFO - [PROCESS] Reading raw/day=20241101/000325Z.json.gz
[2025-04-22T10:47:53.654+0000] {logging_mixin.py:154} INFO - [ERROR] Failed to parse raw/day=20241101/000325Z.json.gz: Not a gzipped file (b'{ ')
[2025-04-22T10:47:53.656+0000] {logging_mixin.py:154} INFO - [PROCESS] Reading raw/day=20241101/000330Z.json.gz
[2025-04-22T10:47:55.726+0000] {logging_mixin.py:154} INFO - [ERROR] Failed to parse raw/day=20241101/000330Z.json.gz: Not a gzipped file (b'{ ')
[2025-04-22T10:47:55.727+0000] {logging_mixin.py:154} INFO - [PROCESS] Reading raw/day=20241101/000335Z.json.gz
[2025-04-22T10:47:58.531+0000] {logging_mixin.py:154} INFO - [ERROR] Failed to parse raw/day=20241101/000335Z.json.gz: Not a gzipped file (b'{ ')
[2025-04-22T10:47:58.535+0000] {logging_mixin.py:154} INFO - [PROCESS] Reading raw/day=20241101/000340Z.json.gz
[2025-04-22T10:48:01.352+0000] {logging_mixin.py:154} INFO - [ERROR] Failed to parse raw/day=20241101/000340Z.json.gz: Not a gzipped file (b'{ ')
[2025-04-22T10:48:01.354+0000] {logging_mixin.py:154} INFO - [PROCESS] Reading raw/day=20241101/000345Z.json.gz
[2025-04-22T10:48:04.124+0000] {logging_mixin.py:154} INFO - [ERROR] Failed to parse raw/day=20241101/000345Z.json.gz: Not a gzipped file (b'{ ')
[2025-04-22T10:48:04.125+0000] {logging_mixin.py:154} INFO - [PROCESS] Reading raw/day=20241101/000350Z.json.gz
[2025-04-22T10:48:08.210+0000] {logging_mixin.py:154} INFO - [ERROR] Failed to parse raw/day=20241101/000350Z.json.gz: Not a gzipped file (b'{ ')
[2025-04-22T10:48:08.212+0000] {logging_mixin.py:154} INFO - [PROCESS] Reading raw/day=20241101/000355Z.json.gz
[2025-04-22T10:48:12.081+0000] {logging_mixin.py:154} INFO - [ERROR] Failed to parse raw/day=20241101/000355Z.json.gz: Not a gzipped file (b'{ ')
[2025-04-22T10:48:12.085+0000] {logging_mixin.py:154} INFO - [PROCESS] Reading raw/day=20241101/000400Z.json.gz
[2025-04-22T10:48:15.859+0000] {logging_mixin.py:154} INFO - [ERROR] Failed to parse raw/day=20241101/000400Z.json.gz: Not a gzipped file (b'{ ')
[2025-04-22T10:48:15.860+0000] {logging_mixin.py:154} INFO - [PROCESS] Reading raw/day=20241101/000405Z.json.gz
[2025-04-22T10:48:20.437+0000] {logging_mixin.py:154} INFO - [ERROR] Failed to parse raw/day=20241101/000405Z.json.gz: Not a gzipped file (b'{ ')
[2025-04-22T10:48:20.439+0000] {logging_mixin.py:154} INFO - [PROCESS] Reading raw/day=20241101/000410Z.json.gz
[2025-04-22T10:48:25.304+0000] {logging_mixin.py:154} INFO - [ERROR] Failed to parse raw/day=20241101/000410Z.json.gz: Not a gzipped file (b'{ ')
[2025-04-22T10:48:25.308+0000] {logging_mixin.py:154} INFO - [PROCESS] Reading raw/day=20241101/000415Z.json.gz
[2025-04-22T10:48:30.879+0000] {logging_mixin.py:154} INFO - [ERROR] Failed to parse raw/day=20241101/000415Z.json.gz: Not a gzipped file (b'{ ')
[2025-04-22T10:48:30.880+0000] {logging_mixin.py:154} INFO - [PROCESS] Reading raw/day=20241101/000420Z.json.gz
[2025-04-22T10:48:37.111+0000] {logging_mixin.py:154} INFO - [ERROR] Failed to parse raw/day=20241101/000420Z.json.gz: Not a gzipped file (b'{ ')
[2025-04-22T10:48:37.116+0000] {logging_mixin.py:154} INFO - [PROCESS] Reading raw/day=20241101/000425Z.json.gz
[2025-04-22T10:48:42.832+0000] {logging_mixin.py:154} INFO - [ERROR] Failed to parse raw/day=20241101/000425Z.json.gz: Not a gzipped file (b'{ ')
[2025-04-22T10:48:42.835+0000] {logging_mixin.py:154} INFO - [PROCESS] Reading raw/day=20241101/000430Z.json.gz
[2025-04-22T10:48:48.727+0000] {logging_mixin.py:154} INFO - [ERROR] Failed to parse raw/day=20241101/000430Z.json.gz: Not a gzipped file (b'{ ')
[2025-04-22T10:48:48.729+0000] {logging_mixin.py:154} INFO - [PROCESS] Reading raw/day=20241101/000435Z.json.gz
[2025-04-22T10:48:54.136+0000] {logging_mixin.py:154} INFO - [ERROR] Failed to parse raw/day=20241101/000435Z.json.gz: Not a gzipped file (b'{ ')
[2025-04-22T10:48:54.138+0000] {logging_mixin.py:154} INFO - [PROCESS] Reading raw/day=20241101/000440Z.json.gz
[2025-04-22T10:48:58.289+0000] {logging_mixin.py:154} INFO - [ERROR] Failed to parse raw/day=20241101/000440Z.json.gz: Not a gzipped file (b'{ ')
[2025-04-22T10:48:58.291+0000] {logging_mixin.py:154} INFO - [PROCESS] Reading raw/day=20241101/000445Z.json.gz
[2025-04-22T10:49:00.649+0000] {logging_mixin.py:154} INFO - [ERROR] Failed to parse raw/day=20241101/000445Z.json.gz: Not a gzipped file (b'{ ')
[2025-04-22T10:49:00.651+0000] {logging_mixin.py:154} INFO - [PROCESS] Reading raw/day=20241101/000450Z.json.gz
[2025-04-22T10:49:02.405+0000] {logging_mixin.py:154} INFO - [ERROR] Failed to parse raw/day=20241101/000450Z.json.gz: Not a gzipped file (b'{ ')
[2025-04-22T10:49:02.408+0000] {logging_mixin.py:154} INFO - [PROCESS] Reading raw/day=20241101/000455Z.json.gz
[2025-04-22T10:49:04.379+0000] {logging_mixin.py:154} INFO - [ERROR] Failed to parse raw/day=20241101/000455Z.json.gz: Not a gzipped file (b'{ ')
[2025-04-22T10:49:04.385+0000] {logging_mixin.py:154} INFO - [PROCESS] Reading raw/day=20241101/000500Z.json.gz
[2025-04-22T10:49:06.157+0000] {logging_mixin.py:154} INFO - [ERROR] Failed to parse raw/day=20241101/000500Z.json.gz: Not a gzipped file (b'{ ')
[2025-04-22T10:49:06.160+0000] {logging_mixin.py:154} INFO - [PROCESS] Reading raw/day=20241101/000505Z.json.gz
[2025-04-22T10:49:07.910+0000] {logging_mixin.py:154} INFO - [ERROR] Failed to parse raw/day=20241101/000505Z.json.gz: Not a gzipped file (b'{ ')
[2025-04-22T10:49:07.911+0000] {logging_mixin.py:154} INFO - [PROCESS] Reading raw/day=20241101/000510Z.json.gz
[2025-04-22T10:49:09.638+0000] {logging_mixin.py:154} INFO - [ERROR] Failed to parse raw/day=20241101/000510Z.json.gz: Not a gzipped file (b'{ ')
[2025-04-22T10:49:09.644+0000] {logging_mixin.py:154} INFO - [PROCESS] Reading raw/day=20241101/000515Z.json.gz
[2025-04-22T10:49:11.396+0000] {logging_mixin.py:154} INFO - [ERROR] Failed to parse raw/day=20241101/000515Z.json.gz: Not a gzipped file (b'{ ')
[2025-04-22T10:49:11.400+0000] {logging_mixin.py:154} INFO - [PROCESS] Reading raw/day=20241101/000520Z.json.gz
[2025-04-22T10:49:13.065+0000] {logging_mixin.py:154} INFO - [ERROR] Failed to parse raw/day=20241101/000520Z.json.gz: Not a gzipped file (b'{ ')
[2025-04-22T10:49:13.069+0000] {logging_mixin.py:154} INFO - [PROCESS] Reading raw/day=20241101/000525Z.json.gz
[2025-04-22T10:49:14.867+0000] {logging_mixin.py:154} INFO - [ERROR] Failed to parse raw/day=20241101/000525Z.json.gz: Not a gzipped file (b'{ ')
[2025-04-22T10:49:14.868+0000] {logging_mixin.py:154} INFO - [PROCESS] Reading raw/day=20241101/000530Z.json.gz
[2025-04-22T10:49:16.487+0000] {logging_mixin.py:154} INFO - [ERROR] Failed to parse raw/day=20241101/000530Z.json.gz: Not a gzipped file (b'{ ')
[2025-04-22T10:49:16.488+0000] {logging_mixin.py:154} INFO - [PROCESS] Reading raw/day=20241101/000535Z.json.gz
[2025-04-22T10:49:18.147+0000] {logging_mixin.py:154} INFO - [ERROR] Failed to parse raw/day=20241101/000535Z.json.gz: Not a gzipped file (b'{ ')
[2025-04-22T10:49:18.148+0000] {logging_mixin.py:154} INFO - [PROCESS] Reading raw/day=20241101/000540Z.json.gz
[2025-04-22T10:49:19.822+0000] {logging_mixin.py:154} INFO - [ERROR] Failed to parse raw/day=20241101/000540Z.json.gz: Not a gzipped file (b'{ ')
[2025-04-22T10:49:19.824+0000] {logging_mixin.py:154} INFO - [PROCESS] Reading raw/day=20241101/000545Z.json.gz
[2025-04-22T10:49:21.759+0000] {logging_mixin.py:154} INFO - [ERROR] Failed to parse raw/day=20241101/000545Z.json.gz: Not a gzipped file (b'{ ')
[2025-04-22T10:49:21.760+0000] {logging_mixin.py:154} INFO - [PROCESS] Reading raw/day=20241101/000550Z.json.gz
[2025-04-22T10:49:23.609+0000] {logging_mixin.py:154} INFO - [ERROR] Failed to parse raw/day=20241101/000550Z.json.gz: Not a gzipped file (b'{ ')
[2025-04-22T10:49:23.610+0000] {logging_mixin.py:154} INFO - [PROCESS] Reading raw/day=20241101/000555Z.json.gz
[2025-04-22T10:49:25.934+0000] {logging_mixin.py:154} INFO - [ERROR] Failed to parse raw/day=20241101/000555Z.json.gz: Not a gzipped file (b'{ ')
[2025-04-22T10:49:25.935+0000] {logging_mixin.py:154} INFO - [PROCESS] Reading raw/day=20241101/000600Z.json.gz
[2025-04-22T10:49:27.798+0000] {logging_mixin.py:154} INFO - [ERROR] Failed to parse raw/day=20241101/000600Z.json.gz: Not a gzipped file (b'{ ')
[2025-04-22T10:49:27.800+0000] {logging_mixin.py:154} INFO - [PROCESS] Reading raw/day=20241101/000605Z.json.gz
[2025-04-22T10:49:29.519+0000] {logging_mixin.py:154} INFO - [ERROR] Failed to parse raw/day=20241101/000605Z.json.gz: Not a gzipped file (b'{ ')
[2025-04-22T10:49:29.520+0000] {logging_mixin.py:154} INFO - [PROCESS] Reading raw/day=20241101/000610Z.json.gz
[2025-04-22T10:49:31.315+0000] {logging_mixin.py:154} INFO - [ERROR] Failed to parse raw/day=20241101/000610Z.json.gz: Not a gzipped file (b'{ ')
[2025-04-22T10:49:31.319+0000] {logging_mixin.py:154} INFO - [PROCESS] Reading raw/day=20241101/000615Z.json.gz
[2025-04-22T10:49:33.082+0000] {logging_mixin.py:154} INFO - [ERROR] Failed to parse raw/day=20241101/000615Z.json.gz: Not a gzipped file (b'{ ')
[2025-04-22T10:49:33.085+0000] {logging_mixin.py:154} INFO - [PROCESS] Reading raw/day=20241101/000620Z.json.gz
[2025-04-22T10:49:34.877+0000] {logging_mixin.py:154} INFO - [ERROR] Failed to parse raw/day=20241101/000620Z.json.gz: Not a gzipped file (b'{ ')
[2025-04-22T10:49:34.879+0000] {logging_mixin.py:154} INFO - [PROCESS] Reading raw/day=20241101/000625Z.json.gz
[2025-04-22T10:49:37.497+0000] {logging_mixin.py:154} INFO - [ERROR] Failed to parse raw/day=20241101/000625Z.json.gz: Not a gzipped file (b'{ ')
[2025-04-22T10:49:37.499+0000] {logging_mixin.py:154} INFO - [PROCESS] Reading raw/day=20241101/000630Z.json.gz
[2025-04-22T10:49:40.325+0000] {logging_mixin.py:154} INFO - [ERROR] Failed to parse raw/day=20241101/000630Z.json.gz: Not a gzipped file (b'{ ')
[2025-04-22T10:49:40.326+0000] {logging_mixin.py:154} INFO - [PROCESS] Reading raw/day=20241101/000635Z.json.gz
[2025-04-22T10:49:43.009+0000] {logging_mixin.py:154} INFO - [ERROR] Failed to parse raw/day=20241101/000635Z.json.gz: Not a gzipped file (b'{ ')
[2025-04-22T10:49:43.013+0000] {logging_mixin.py:154} INFO - [PROCESS] Reading raw/day=20241101/000640Z.json.gz
[2025-04-22T10:49:46.188+0000] {logging_mixin.py:154} INFO - [ERROR] Failed to parse raw/day=20241101/000640Z.json.gz: Not a gzipped file (b'{ ')
[2025-04-22T10:49:46.189+0000] {logging_mixin.py:154} INFO - [PROCESS] Reading raw/day=20241101/000645Z.json.gz
[2025-04-22T10:49:49.468+0000] {logging_mixin.py:154} INFO - [ERROR] Failed to parse raw/day=20241101/000645Z.json.gz: Not a gzipped file (b'{ ')
[2025-04-22T10:49:49.470+0000] {logging_mixin.py:154} INFO - [PROCESS] Reading raw/day=20241101/000650Z.json.gz
[2025-04-22T10:49:52.688+0000] {logging_mixin.py:154} INFO - [ERROR] Failed to parse raw/day=20241101/000650Z.json.gz: Not a gzipped file (b'{ ')
[2025-04-22T10:49:52.689+0000] {logging_mixin.py:154} INFO - [PROCESS] Reading raw/day=20241101/000655Z.json.gz
[2025-04-22T10:49:55.478+0000] {logging_mixin.py:154} INFO - [ERROR] Failed to parse raw/day=20241101/000655Z.json.gz: Not a gzipped file (b'{ ')
[2025-04-22T10:49:55.479+0000] {logging_mixin.py:154} INFO - [PROCESS] Reading raw/day=20241101/000700Z.json.gz
[2025-04-22T10:49:58.263+0000] {logging_mixin.py:154} INFO - [ERROR] Failed to parse raw/day=20241101/000700Z.json.gz: Not a gzipped file (b'{ ')
[2025-04-22T10:49:58.264+0000] {logging_mixin.py:154} INFO - [PROCESS] Reading raw/day=20241101/000705Z.json.gz
[2025-04-22T10:50:01.088+0000] {logging_mixin.py:154} INFO - [ERROR] Failed to parse raw/day=20241101/000705Z.json.gz: Not a gzipped file (b'{ ')
[2025-04-22T10:50:01.089+0000] {logging_mixin.py:154} INFO - [PROCESS] Reading raw/day=20241101/000710Z.json.gz
[2025-04-22T10:50:04.204+0000] {logging_mixin.py:154} INFO - [ERROR] Failed to parse raw/day=20241101/000710Z.json.gz: Not a gzipped file (b'{ ')
[2025-04-22T10:50:04.206+0000] {logging_mixin.py:154} INFO - [PROCESS] Reading raw/day=20241101/000715Z.json.gz
[2025-04-22T10:50:07.057+0000] {logging_mixin.py:154} INFO - [ERROR] Failed to parse raw/day=20241101/000715Z.json.gz: Not a gzipped file (b'{ ')
[2025-04-22T10:50:07.059+0000] {logging_mixin.py:154} INFO - [PROCESS] Reading raw/day=20241101/000720Z.json.gz
[2025-04-22T10:50:09.832+0000] {logging_mixin.py:154} INFO - [ERROR] Failed to parse raw/day=20241101/000720Z.json.gz: Not a gzipped file (b'{ ')
[2025-04-22T10:50:09.834+0000] {logging_mixin.py:154} INFO - [PROCESS] Reading raw/day=20241101/000725Z.json.gz
[2025-04-22T10:50:12.302+0000] {logging_mixin.py:154} INFO - [ERROR] Failed to parse raw/day=20241101/000725Z.json.gz: Not a gzipped file (b'{ ')
[2025-04-22T10:50:12.304+0000] {logging_mixin.py:154} INFO - [PROCESS] Reading raw/day=20241101/000730Z.json.gz
[2025-04-22T10:50:14.711+0000] {logging_mixin.py:154} INFO - [ERROR] Failed to parse raw/day=20241101/000730Z.json.gz: Not a gzipped file (b'{ ')
[2025-04-22T10:50:14.712+0000] {logging_mixin.py:154} INFO - [PROCESS] Reading raw/day=20241101/000735Z.json.gz
[2025-04-22T10:50:17.562+0000] {logging_mixin.py:154} INFO - [ERROR] Failed to parse raw/day=20241101/000735Z.json.gz: Not a gzipped file (b'{ ')
[2025-04-22T10:50:17.565+0000] {logging_mixin.py:154} INFO - [PROCESS] Reading raw/day=20241101/000740Z.json.gz
[2025-04-22T10:50:20.869+0000] {logging_mixin.py:154} INFO - [ERROR] Failed to parse raw/day=20241101/000740Z.json.gz: Not a gzipped file (b'{ ')
[2025-04-22T10:50:20.870+0000] {logging_mixin.py:154} INFO - [PROCESS] Reading raw/day=20241101/000745Z.json.gz
[2025-04-22T10:50:23.955+0000] {logging_mixin.py:154} INFO - [ERROR] Failed to parse raw/day=20241101/000745Z.json.gz: Not a gzipped file (b'{ ')
[2025-04-22T10:50:23.957+0000] {logging_mixin.py:154} INFO - [PROCESS] Reading raw/day=20241101/000750Z.json.gz
[2025-04-22T10:50:26.678+0000] {logging_mixin.py:154} INFO - [ERROR] Failed to parse raw/day=20241101/000750Z.json.gz: Not a gzipped file (b'{ ')
[2025-04-22T10:50:26.679+0000] {logging_mixin.py:154} INFO - [PROCESS] Reading raw/day=20241101/000755Z.json.gz
[2025-04-22T10:50:28.879+0000] {logging_mixin.py:154} INFO - [ERROR] Failed to parse raw/day=20241101/000755Z.json.gz: Not a gzipped file (b'{ ')
[2025-04-22T10:50:28.880+0000] {logging_mixin.py:154} INFO - [PROCESS] Reading raw/day=20241101/000800Z.json.gz
[2025-04-22T10:50:31.197+0000] {logging_mixin.py:154} INFO - [ERROR] Failed to parse raw/day=20241101/000800Z.json.gz: Not a gzipped file (b'{ ')
[2025-04-22T10:50:31.198+0000] {logging_mixin.py:154} INFO - [PROCESS] Reading raw/day=20241101/000805Z.json.gz
[2025-04-22T10:50:33.839+0000] {logging_mixin.py:154} INFO - [ERROR] Failed to parse raw/day=20241101/000805Z.json.gz: Not a gzipped file (b'{ ')
[2025-04-22T10:50:33.839+0000] {logging_mixin.py:154} INFO - [PROCESS] Reading raw/day=20241101/000810Z.json.gz
[2025-04-22T10:50:37.103+0000] {logging_mixin.py:154} INFO - [ERROR] Failed to parse raw/day=20241101/000810Z.json.gz: Not a gzipped file (b'{ ')
[2025-04-22T10:50:37.106+0000] {logging_mixin.py:154} INFO - [PROCESS] Reading raw/day=20241101/000815Z.json.gz
[2025-04-22T10:50:40.518+0000] {logging_mixin.py:154} INFO - [ERROR] Failed to parse raw/day=20241101/000815Z.json.gz: Not a gzipped file (b'{ ')
[2025-04-22T10:50:40.523+0000] {logging_mixin.py:154} INFO - [DB] Total rows inserted: 0
[2025-04-22T10:50:40.545+0000] {python.py:194} INFO - Done. Returned value was: None
[2025-04-22T10:50:40.612+0000] {taskinstance.py:1400} INFO - Marking task as SUCCESS. dag_id=readsb_hist_dag, task_id=prepare_and_upload_readsb_hist, execution_date=20241101T000000, start_date=20250422T104521, end_date=20250422T105040
[2025-04-22T10:50:40.701+0000] {local_task_job_runner.py:228} INFO - Task exited with return code 0
[2025-04-22T10:50:40.757+0000] {taskinstance.py:2778} INFO - 0 downstream tasks scheduled from follow-on schedule check
